\BOOKMARK [1][-]{section.1}{Introduction}{}% 1
\BOOKMARK [1][-]{section.2}{Signal Corrections in a Nonuniform Drift Field}{}% 2
\BOOKMARK [2][-]{subsection.2.1}{Measuring Detector Inefficiency Corrections with CH_3T}{section.2}% 3
\BOOKMARK [2][-]{subsection.2.2}{Measuring Field Effects in ^83mKr S2 Data}{section.2}% 4
\BOOKMARK [2][-]{subsection.2.3}{Measuring the S1a and S1b Pulse Areas in ^83mKr data}{section.2}% 5
\BOOKMARK [2][-]{subsection.2.4}{Relating the S1a/S1b Ratio to S2 Field Effects}{section.2}% 6
\BOOKMARK [2][-]{subsection.2.5}{Measuring the S1a/S1b Ratio to S1 Field Effect Relationship with Recombination Physics}{section.2}% 7
\BOOKMARK [2][-]{subsection.2.6}{Measuring the S1a/S1b Ratio to S1 Field Effect Relationship with the S1a Light Yield}{section.2}% 8
\BOOKMARK [2][-]{subsection.2.7}{Measuring the S1a/S1b Ratio to S1 Field Effect Relationship with a ^2 Fitting Method}{section.2}% 9
\BOOKMARK [2][-]{subsection.2.8}{Summary of S1a/S1b Ratio to Field Effect Measurements}{section.2}% 10
\BOOKMARK [1][-]{section.3}{Producing Detector Inefficiency Corrections}{}% 11
\BOOKMARK [2][-]{subsection.3.1}{Mapping S1a/S1b}{section.3}% 12
\BOOKMARK [2][-]{subsection.3.2}{Removing the field effect from ^83mKr Data}{section.3}% 13
\BOOKMARK [2][-]{subsection.3.3}{Measuring Detector Inefficiencies}{section.3}% 14
\BOOKMARK [1][-]{section.4}{Evaluating the Signal Corrections}{}% 15
\BOOKMARK [2][-]{subsection.4.1}{Energy Spectra}{section.4}% 16
\BOOKMARK [2][-]{subsection.4.2}{G1 and EE}{section.4}% 17
\BOOKMARK [2][-]{subsection.4.3}{Lifetime Estimates}{section.4}% 18
\BOOKMARK [2][-]{subsection.4.4}{Nuclear Recoil Band}{section.4}% 19
\BOOKMARK [2][-]{subsection.4.5}{Electron Recoil Band}{section.4}% 20
\BOOKMARK [1][-]{section.5}{Conclusions}{}% 21
