This is pdfTeX, Version 3.1415926-2.3-1.40.12 (MiKTeX 2.9) (preloaded format=pdflatex 2012.12.5)  15 FEB 2016 13:16
entering extended mode
**KrypCal*Overview*Rewrite.tex
("C:\Users\Richard\Desktop\KrypCal 2p20 Write Up\KrypCal Overview Rewrite.tex"
LaTeX2e <2011/06/27>
Babel <v3.8m> and hyphenation patterns for english, afrikaans, ancientgreek, ar
abic, armenian, assamese, basque, bengali, bokmal, bulgarian, catalan, coptic, 
croatian, czech, danish, dutch, esperanto, estonian, farsi, finnish, french, ga
lician, german, german-x-2009-06-19, greek, gujarati, hindi, hungarian, iceland
ic, indonesian, interlingua, irish, italian, kannada, kurmanji, lao, latin, lat
vian, lithuanian, malayalam, marathi, mongolian, mongolianlmc, monogreek, ngerm
an, ngerman-x-2009-06-19, nynorsk, oriya, panjabi, pinyin, polish, portuguese, 
romanian, russian, sanskrit, serbian, slovak, slovenian, spanish, swedish, swis
sgerman, tamil, telugu, turkish, turkmen, ukenglish, ukrainian, uppersorbian, u
senglishmax, welsh, loaded.
("C:\Program Files (x86)\MiKTeX 2.9\tex\latex\base\article.cls"
Document Class: article 2007/10/19 v1.4h Standard LaTeX document class
("C:\Program Files (x86)\MiKTeX 2.9\tex\latex\base\size12.clo"
File: size12.clo 2007/10/19 v1.4h Standard LaTeX file (size option)
)
\c@part=\count79
\c@section=\count80
\c@subsection=\count81
\c@subsubsection=\count82
\c@paragraph=\count83
\c@subparagraph=\count84
\c@figure=\count85
\c@table=\count86
\abovecaptionskip=\skip41
\belowcaptionskip=\skip42
\bibindent=\dimen102
)
("C:\Program Files (x86)\MiKTeX 2.9\tex\latex\hyperref\hyperref.sty"
Package: hyperref 2012/05/13 v6.82q Hypertext links for LaTeX

("C:\Program Files (x86)\MiKTeX 2.9\tex\generic\oberdiek\hobsub-hyperref.sty"
Package: hobsub-hyperref 2012/04/25 v1.12 Bundle oberdiek, subset hyperref (HO)


("C:\Program Files (x86)\MiKTeX 2.9\tex\generic\oberdiek\hobsub-generic.sty"
Package: hobsub-generic 2012/04/25 v1.12 Bundle oberdiek, subset generic (HO)
Package: hobsub 2012/04/25 v1.12 Construct package bundles (HO)
Package: infwarerr 2010/04/08 v1.3 Providing info/warning/error messages (HO)
Package: ltxcmds 2011/11/09 v1.22 LaTeX kernel commands for general use (HO)
Package: ifluatex 2010/03/01 v1.3 Provides the ifluatex switch (HO)
Package ifluatex Info: LuaTeX not detected.
Package: ifvtex 2010/03/01 v1.5 Detect VTeX and its facilities (HO)
Package ifvtex Info: VTeX not detected.
Package: intcalc 2007/09/27 v1.1 Expandable calculations with integers (HO)
Package: ifpdf 2011/01/30 v2.3 Provides the ifpdf switch (HO)
Package ifpdf Info: pdfTeX in PDF mode is detected.
Package: etexcmds 2011/02/16 v1.5 Avoid name clashes with e-TeX commands (HO)
Package etexcmds Info: Could not find \expanded.
(etexcmds)             That can mean that you are not using pdfTeX 1.50 or
(etexcmds)             that some package has redefined \expanded.
(etexcmds)             In the latter case, load this package earlier.
Package: kvsetkeys 2012/04/25 v1.16 Key value parser (HO)
Package: kvdefinekeys 2011/04/07 v1.3 Define keys (HO)
Package: pdftexcmds 2011/11/29 v0.20 Utility functions of pdfTeX for LuaTeX (HO
)
Package pdftexcmds Info: LuaTeX not detected.
Package pdftexcmds Info: \pdf@primitive is available.
Package pdftexcmds Info: \pdf@ifprimitive is available.
Package pdftexcmds Info: \pdfdraftmode found.
Package: pdfescape 2011/11/25 v1.13 Implements pdfTeX's escape features (HO)
Package: bigintcalc 2012/04/08 v1.3 Expandable calculations on big integers (HO
)
Package: bitset 2011/01/30 v1.1 Handle bit-vector datatype (HO)
Package: uniquecounter 2011/01/30 v1.2 Provide unlimited unique counter (HO)
)
Package hobsub Info: Skipping package `hobsub' (already loaded).
Package: letltxmacro 2010/09/02 v1.4 Let assignment for LaTeX macros (HO)
Package: hopatch 2011/06/24 v1.1 Wrapper for package hooks (HO)
Package: xcolor-patch 2011/01/30 xcolor patch
Package: atveryend 2011/06/30 v1.8 Hooks at the very end of document (HO)
Package atveryend Info: \enddocument detected (standard20110627).
Package: atbegshi 2011/10/05 v1.16 At begin shipout hook (HO)
Package: refcount 2011/10/16 v3.4 Data extraction from label references (HO)
Package: hycolor 2011/01/30 v1.7 Color options for hyperref/bookmark (HO)
)
("C:\Program Files (x86)\MiKTeX 2.9\tex\latex\graphics\keyval.sty"
Package: keyval 1999/03/16 v1.13 key=value parser (DPC)
\KV@toks@=\toks14
)
("C:\Program Files (x86)\MiKTeX 2.9\tex\generic\ifxetex\ifxetex.sty"
Package: ifxetex 2010/09/12 v0.6 Provides ifxetex conditional
)
("C:\Program Files (x86)\MiKTeX 2.9\tex\latex\oberdiek\kvoptions.sty"
Package: kvoptions 2011/06/30 v3.11 Key value format for package options (HO)
)
\@linkdim=\dimen103
\Hy@linkcounter=\count87
\Hy@pagecounter=\count88

("C:\Program Files (x86)\MiKTeX 2.9\tex\latex\hyperref\pd1enc.def"
File: pd1enc.def 2012/05/13 v6.82q Hyperref: PDFDocEncoding definition (HO)
)
\Hy@SavedSpaceFactor=\count89

("C:\Program Files (x86)\MiKTeX 2.9\tex\latex\00miktex\hyperref.cfg"
File: hyperref.cfg 2002/06/06 v1.2 hyperref configuration of TeXLive
)
Package hyperref Info: Hyper figures OFF on input line 4062.
Package hyperref Info: Link nesting OFF on input line 4067.
Package hyperref Info: Hyper index ON on input line 4070.
Package hyperref Info: Plain pages OFF on input line 4077.
Package hyperref Info: Backreferencing OFF on input line 4082.
Package hyperref Info: Implicit mode ON; LaTeX internals redefined.
Package hyperref Info: Bookmarks ON on input line 4300.
\c@Hy@tempcnt=\count90

("C:\Program Files (x86)\MiKTeX 2.9\tex\latex\ltxmisc\url.sty"
\Urlmuskip=\muskip10
Package: url 2006/04/12  ver 3.3  Verb mode for urls, etc.
)
LaTeX Info: Redefining \url on input line 4653.
\Fld@menulength=\count91
\Field@Width=\dimen104
\Fld@charsize=\dimen105
Package hyperref Info: Hyper figures OFF on input line 5773.
Package hyperref Info: Link nesting OFF on input line 5778.
Package hyperref Info: Hyper index ON on input line 5781.
Package hyperref Info: backreferencing OFF on input line 5788.
Package hyperref Info: Link coloring OFF on input line 5793.
Package hyperref Info: Link coloring with OCG OFF on input line 5798.
Package hyperref Info: PDF/A mode OFF on input line 5803.
LaTeX Info: Redefining \ref on input line 5843.
LaTeX Info: Redefining \pageref on input line 5847.
\Hy@abspage=\count92
\c@Item=\count93
\c@Hfootnote=\count94
)

Package hyperref Message: Driver (autodetected): hpdftex.

("C:\Program Files (x86)\MiKTeX 2.9\tex\latex\hyperref\hpdftex.def"
File: hpdftex.def 2012/05/13 v6.82q Hyperref driver for pdfTeX
\Fld@listcount=\count95
\c@bookmark@seq@number=\count96

("C:\Program Files (x86)\MiKTeX 2.9\tex\latex\oberdiek\rerunfilecheck.sty"
Package: rerunfilecheck 2011/04/15 v1.7 Rerun checks for auxiliary files (HO)
Package uniquecounter Info: New unique counter `rerunfilecheck' on input line 2
82.
)
\Hy@SectionHShift=\skip43
)
("C:\Program Files (x86)\MiKTeX 2.9\tex\latex\tools\verbatim.sty"
Package: verbatim 2003/08/22 v1.5q LaTeX2e package for verbatim enhancements
\every@verbatim=\toks15
\verbatim@line=\toks16
\verbatim@in@stream=\read1
)
("C:\Program Files (x86)\MiKTeX 2.9\tex\latex\mh\mathtools.sty"
Package: mathtools 2013/02/12 v1.13 mathematical typesetting tools

("C:\Program Files (x86)\MiKTeX 2.9\tex\latex\tools\calc.sty"
Package: calc 2007/08/22 v4.3 Infix arithmetic (KKT,FJ)
\calc@Acount=\count97
\calc@Bcount=\count98
\calc@Adimen=\dimen106
\calc@Bdimen=\dimen107
\calc@Askip=\skip44
\calc@Bskip=\skip45
LaTeX Info: Redefining \setlength on input line 76.
LaTeX Info: Redefining \addtolength on input line 77.
\calc@Ccount=\count99
\calc@Cskip=\skip46
)
("C:\Program Files (x86)\MiKTeX 2.9\tex\latex\mh\mhsetup.sty"
Package: mhsetup 2010/01/21 v1.2a programming setup (MH)
)
("C:\Program Files (x86)\MiKTeX 2.9\tex\latex\ams\math\amsmath.sty"
Package: amsmath 2000/07/18 v2.13 AMS math features
\@mathmargin=\skip47

For additional information on amsmath, use the `?' option.
("C:\Program Files (x86)\MiKTeX 2.9\tex\latex\ams\math\amstext.sty"
Package: amstext 2000/06/29 v2.01

("C:\Program Files (x86)\MiKTeX 2.9\tex\latex\ams\math\amsgen.sty"
File: amsgen.sty 1999/11/30 v2.0
\@emptytoks=\toks17
\ex@=\dimen108
))
("C:\Program Files (x86)\MiKTeX 2.9\tex\latex\ams\math\amsbsy.sty"
Package: amsbsy 1999/11/29 v1.2d
\pmbraise@=\dimen109
)
("C:\Program Files (x86)\MiKTeX 2.9\tex\latex\ams\math\amsopn.sty"
Package: amsopn 1999/12/14 v2.01 operator names
)
\inf@bad=\count100
LaTeX Info: Redefining \frac on input line 211.
\uproot@=\count101
\leftroot@=\count102
LaTeX Info: Redefining \overline on input line 307.
\classnum@=\count103
\DOTSCASE@=\count104
LaTeX Info: Redefining \ldots on input line 379.
LaTeX Info: Redefining \dots on input line 382.
LaTeX Info: Redefining \cdots on input line 467.
\Mathstrutbox@=\box26
\strutbox@=\box27
\big@size=\dimen110
LaTeX Font Info:    Redeclaring font encoding OML on input line 567.
LaTeX Font Info:    Redeclaring font encoding OMS on input line 568.
\macc@depth=\count105
\c@MaxMatrixCols=\count106
\dotsspace@=\muskip11
\c@parentequation=\count107
\dspbrk@lvl=\count108
\tag@help=\toks18
\row@=\count109
\column@=\count110
\maxfields@=\count111
\andhelp@=\toks19
\eqnshift@=\dimen111
\alignsep@=\dimen112
\tagshift@=\dimen113
\tagwidth@=\dimen114
\totwidth@=\dimen115
\lineht@=\dimen116
\@envbody=\toks20
\multlinegap=\skip48
\multlinetaggap=\skip49
\mathdisplay@stack=\toks21
LaTeX Info: Redefining \[ on input line 2666.
LaTeX Info: Redefining \] on input line 2667.
)
LaTeX Info: Thecontrolsequence`\['isalreadyrobust on input line 129.
LaTeX Info: Thecontrolsequence`\]'isalreadyrobust on input line 129.
\g_MT_multlinerow_int=\count112
\l_MT_multwidth_dim=\dimen117
\origjot=\skip50
\l_MT_shortvdotswithinadjustabove_dim=\dimen118
\l_MT_shortvdotswithinadjustbelow_dim=\dimen119
\l_MT_above_intertext_sep=\dimen120
\l_MT_below_intertext_sep=\dimen121
\l_MT_above_shortintertext_sep=\dimen122
\l_MT_below_shortintertext_sep=\dimen123
)
("C:\Program Files (x86)\MiKTeX 2.9\tex\latex\ltxmisc\relsize.sty"
Package: relsize 2003/07/04 ver 3.1
)
("C:\Program Files (x86)\MiKTeX 2.9\tex\latex\base\fontenc.sty"
Package: fontenc 2005/09/27 v1.99g Standard LaTeX package

("C:\Program Files (x86)\MiKTeX 2.9\tex\latex\base\t1enc.def"
File: t1enc.def 2005/09/27 v1.99g Standard LaTeX file
LaTeX Font Info:    Redeclaring font encoding T1 on input line 43.
))
("C:\Program Files (x86)\MiKTeX 2.9\tex\latex\base\inputenc.sty"
Package: inputenc 2008/03/30 v1.1d Input encoding file
\inpenc@prehook=\toks22
\inpenc@posthook=\toks23

("C:\Program Files (x86)\MiKTeX 2.9\tex\latex\base\utf8.def"
File: utf8.def 2008/04/05 v1.1m UTF-8 support for inputenc
Now handling font encoding OML ...
... no UTF-8 mapping file for font encoding OML
Now handling font encoding T1 ...
... processing UTF-8 mapping file for font encoding T1

("C:\Program Files (x86)\MiKTeX 2.9\tex\latex\base\t1enc.dfu"
File: t1enc.dfu 2008/04/05 v1.1m UTF-8 support for inputenc
   defining Unicode char U+00A1 (decimal 161)
   defining Unicode char U+00A3 (decimal 163)
   defining Unicode char U+00AB (decimal 171)
   defining Unicode char U+00BB (decimal 187)
   defining Unicode char U+00BF (decimal 191)
   defining Unicode char U+00C0 (decimal 192)
   defining Unicode char U+00C1 (decimal 193)
   defining Unicode char U+00C2 (decimal 194)
   defining Unicode char U+00C3 (decimal 195)
   defining Unicode char U+00C4 (decimal 196)
   defining Unicode char U+00C5 (decimal 197)
   defining Unicode char U+00C6 (decimal 198)
   defining Unicode char U+00C7 (decimal 199)
   defining Unicode char U+00C8 (decimal 200)
   defining Unicode char U+00C9 (decimal 201)
   defining Unicode char U+00CA (decimal 202)
   defining Unicode char U+00CB (decimal 203)
   defining Unicode char U+00CC (decimal 204)
   defining Unicode char U+00CD (decimal 205)
   defining Unicode char U+00CE (decimal 206)
   defining Unicode char U+00CF (decimal 207)
   defining Unicode char U+00D0 (decimal 208)
   defining Unicode char U+00D1 (decimal 209)
   defining Unicode char U+00D2 (decimal 210)
   defining Unicode char U+00D3 (decimal 211)
   defining Unicode char U+00D4 (decimal 212)
   defining Unicode char U+00D5 (decimal 213)
   defining Unicode char U+00D6 (decimal 214)
   defining Unicode char U+00D8 (decimal 216)
   defining Unicode char U+00D9 (decimal 217)
   defining Unicode char U+00DA (decimal 218)
   defining Unicode char U+00DB (decimal 219)
   defining Unicode char U+00DC (decimal 220)
   defining Unicode char U+00DD (decimal 221)
   defining Unicode char U+00DE (decimal 222)
   defining Unicode char U+00DF (decimal 223)
   defining Unicode char U+00E0 (decimal 224)
   defining Unicode char U+00E1 (decimal 225)
   defining Unicode char U+00E2 (decimal 226)
   defining Unicode char U+00E3 (decimal 227)
   defining Unicode char U+00E4 (decimal 228)
   defining Unicode char U+00E5 (decimal 229)
   defining Unicode char U+00E6 (decimal 230)
   defining Unicode char U+00E7 (decimal 231)
   defining Unicode char U+00E8 (decimal 232)
   defining Unicode char U+00E9 (decimal 233)
   defining Unicode char U+00EA (decimal 234)
   defining Unicode char U+00EB (decimal 235)
   defining Unicode char U+00EC (decimal 236)
   defining Unicode char U+00ED (decimal 237)
   defining Unicode char U+00EE (decimal 238)
   defining Unicode char U+00EF (decimal 239)
   defining Unicode char U+00F0 (decimal 240)
   defining Unicode char U+00F1 (decimal 241)
   defining Unicode char U+00F2 (decimal 242)
   defining Unicode char U+00F3 (decimal 243)
   defining Unicode char U+00F4 (decimal 244)
   defining Unicode char U+00F5 (decimal 245)
   defining Unicode char U+00F6 (decimal 246)
   defining Unicode char U+00F8 (decimal 248)
   defining Unicode char U+00F9 (decimal 249)
   defining Unicode char U+00FA (decimal 250)
   defining Unicode char U+00FB (decimal 251)
   defining Unicode char U+00FC (decimal 252)
   defining Unicode char U+00FD (decimal 253)
   defining Unicode char U+00FE (decimal 254)
   defining Unicode char U+00FF (decimal 255)
   defining Unicode char U+0102 (decimal 258)
   defining Unicode char U+0103 (decimal 259)
   defining Unicode char U+0104 (decimal 260)
   defining Unicode char U+0105 (decimal 261)
   defining Unicode char U+0106 (decimal 262)
   defining Unicode char U+0107 (decimal 263)
   defining Unicode char U+010C (decimal 268)
   defining Unicode char U+010D (decimal 269)
   defining Unicode char U+010E (decimal 270)
   defining Unicode char U+010F (decimal 271)
   defining Unicode char U+0110 (decimal 272)
   defining Unicode char U+0111 (decimal 273)
   defining Unicode char U+0118 (decimal 280)
   defining Unicode char U+0119 (decimal 281)
   defining Unicode char U+011A (decimal 282)
   defining Unicode char U+011B (decimal 283)
   defining Unicode char U+011E (decimal 286)
   defining Unicode char U+011F (decimal 287)
   defining Unicode char U+0130 (decimal 304)
   defining Unicode char U+0131 (decimal 305)
   defining Unicode char U+0132 (decimal 306)
   defining Unicode char U+0133 (decimal 307)
   defining Unicode char U+0139 (decimal 313)
   defining Unicode char U+013A (decimal 314)
   defining Unicode char U+013D (decimal 317)
   defining Unicode char U+013E (decimal 318)
   defining Unicode char U+0141 (decimal 321)
   defining Unicode char U+0142 (decimal 322)
   defining Unicode char U+0143 (decimal 323)
   defining Unicode char U+0144 (decimal 324)
   defining Unicode char U+0147 (decimal 327)
   defining Unicode char U+0148 (decimal 328)
   defining Unicode char U+014A (decimal 330)
   defining Unicode char U+014B (decimal 331)
   defining Unicode char U+0150 (decimal 336)
   defining Unicode char U+0151 (decimal 337)
   defining Unicode char U+0152 (decimal 338)
   defining Unicode char U+0153 (decimal 339)
   defining Unicode char U+0154 (decimal 340)
   defining Unicode char U+0155 (decimal 341)
   defining Unicode char U+0158 (decimal 344)
   defining Unicode char U+0159 (decimal 345)
   defining Unicode char U+015A (decimal 346)
   defining Unicode char U+015B (decimal 347)
   defining Unicode char U+015E (decimal 350)
   defining Unicode char U+015F (decimal 351)
   defining Unicode char U+0160 (decimal 352)
   defining Unicode char U+0161 (decimal 353)
   defining Unicode char U+0162 (decimal 354)
   defining Unicode char U+0163 (decimal 355)
   defining Unicode char U+0164 (decimal 356)
   defining Unicode char U+0165 (decimal 357)
   defining Unicode char U+016E (decimal 366)
   defining Unicode char U+016F (decimal 367)
   defining Unicode char U+0170 (decimal 368)
   defining Unicode char U+0171 (decimal 369)
   defining Unicode char U+0178 (decimal 376)
   defining Unicode char U+0179 (decimal 377)
   defining Unicode char U+017A (decimal 378)
   defining Unicode char U+017B (decimal 379)
   defining Unicode char U+017C (decimal 380)
   defining Unicode char U+017D (decimal 381)
   defining Unicode char U+017E (decimal 382)
   defining Unicode char U+200C (decimal 8204)
   defining Unicode char U+2013 (decimal 8211)
   defining Unicode char U+2014 (decimal 8212)
   defining Unicode char U+2018 (decimal 8216)
   defining Unicode char U+2019 (decimal 8217)
   defining Unicode char U+201A (decimal 8218)
   defining Unicode char U+201C (decimal 8220)
   defining Unicode char U+201D (decimal 8221)
   defining Unicode char U+201E (decimal 8222)
   defining Unicode char U+2030 (decimal 8240)
   defining Unicode char U+2031 (decimal 8241)
   defining Unicode char U+2039 (decimal 8249)
   defining Unicode char U+203A (decimal 8250)
   defining Unicode char U+2423 (decimal 9251)
)
Now handling font encoding OT1 ...
... processing UTF-8 mapping file for font encoding OT1

("C:\Program Files (x86)\MiKTeX 2.9\tex\latex\base\ot1enc.dfu"
File: ot1enc.dfu 2008/04/05 v1.1m UTF-8 support for inputenc
   defining Unicode char U+00A1 (decimal 161)
   defining Unicode char U+00A3 (decimal 163)
   defining Unicode char U+00B8 (decimal 184)
   defining Unicode char U+00BF (decimal 191)
   defining Unicode char U+00C5 (decimal 197)
   defining Unicode char U+00C6 (decimal 198)
   defining Unicode char U+00D8 (decimal 216)
   defining Unicode char U+00DF (decimal 223)
   defining Unicode char U+00E6 (decimal 230)
   defining Unicode char U+00EC (decimal 236)
   defining Unicode char U+00ED (decimal 237)
   defining Unicode char U+00EE (decimal 238)
   defining Unicode char U+00EF (decimal 239)
   defining Unicode char U+00F8 (decimal 248)
   defining Unicode char U+0131 (decimal 305)
   defining Unicode char U+0141 (decimal 321)
   defining Unicode char U+0142 (decimal 322)
   defining Unicode char U+0152 (decimal 338)
   defining Unicode char U+0153 (decimal 339)
   defining Unicode char U+2013 (decimal 8211)
   defining Unicode char U+2014 (decimal 8212)
   defining Unicode char U+2018 (decimal 8216)
   defining Unicode char U+2019 (decimal 8217)
   defining Unicode char U+201C (decimal 8220)
   defining Unicode char U+201D (decimal 8221)
)
Now handling font encoding OMS ...
... processing UTF-8 mapping file for font encoding OMS

("C:\Program Files (x86)\MiKTeX 2.9\tex\latex\base\omsenc.dfu"
File: omsenc.dfu 2008/04/05 v1.1m UTF-8 support for inputenc
   defining Unicode char U+00A7 (decimal 167)
   defining Unicode char U+00B6 (decimal 182)
   defining Unicode char U+00B7 (decimal 183)
   defining Unicode char U+2020 (decimal 8224)
   defining Unicode char U+2021 (decimal 8225)
   defining Unicode char U+2022 (decimal 8226)
)
Now handling font encoding OMX ...
... no UTF-8 mapping file for font encoding OMX
Now handling font encoding U ...
... no UTF-8 mapping file for font encoding U
Now handling font encoding PD1 ...
... no UTF-8 mapping file for font encoding PD1
   defining Unicode char U+00A9 (decimal 169)
   defining Unicode char U+00AA (decimal 170)
   defining Unicode char U+00AE (decimal 174)
   defining Unicode char U+00BA (decimal 186)
   defining Unicode char U+02C6 (decimal 710)
   defining Unicode char U+02DC (decimal 732)
   defining Unicode char U+200C (decimal 8204)
   defining Unicode char U+2026 (decimal 8230)
   defining Unicode char U+2122 (decimal 8482)
   defining Unicode char U+2423 (decimal 9251)
))
("C:\Program Files (x86)\MiKTeX 2.9\tex\latex\appendix\appendix.sty"
Package: appendix 2009/09/02 v1.2b extra appendix facilities
\c@@pps=\count113
\c@@ppsavesec=\count114
\c@@ppsaveapp=\count115
)
("C:\Program Files (x86)\MiKTeX 2.9\tex\latex\tools\longtable.sty"
Package: longtable 2004/02/01 v4.11 Multi-page Table package (DPC)
\LTleft=\skip51
\LTright=\skip52
\LTpre=\skip53
\LTpost=\skip54
\LTchunksize=\count116
\LTcapwidth=\dimen124
\LT@head=\box28
\LT@firsthead=\box29
\LT@foot=\box30
\LT@lastfoot=\box31
\LT@cols=\count117
\LT@rows=\count118
\c@LT@tables=\count119
\c@LT@chunks=\count120
\LT@p@ftn=\toks24
)
("C:\Program Files (x86)\MiKTeX 2.9\tex\latex\graphics\graphicx.sty"
Package: graphicx 1999/02/16 v1.0f Enhanced LaTeX Graphics (DPC,SPQR)

("C:\Program Files (x86)\MiKTeX 2.9\tex\latex\graphics\graphics.sty"
Package: graphics 2009/02/05 v1.0o Standard LaTeX Graphics (DPC,SPQR)

("C:\Program Files (x86)\MiKTeX 2.9\tex\latex\graphics\trig.sty"
Package: trig 1999/03/16 v1.09 sin cos tan (DPC)
)
("C:\Program Files (x86)\MiKTeX 2.9\tex\latex\00miktex\graphics.cfg"
File: graphics.cfg 2007/01/18 v1.5 graphics configuration of teTeX/TeXLive
)
Package graphics Info: Driver file: pdftex.def on input line 91.

("C:\Program Files (x86)\MiKTeX 2.9\tex\latex\pdftex-def\pdftex.def"
File: pdftex.def 2011/05/27 v0.06d Graphics/color for pdfTeX
\Gread@gobject=\count121
))
\Gin@req@height=\dimen125
\Gin@req@width=\dimen126
)
("C:\Program Files (x86)\MiKTeX 2.9\tex\latex\floatrow\floatrow.sty"
Package: floatrow 2008/08/02 v0.3b floatrow: float package extension

("C:\Program Files (x86)\MiKTeX 2.9\tex\latex\caption\caption3.sty"
Package: caption3 2013/02/03 v1.5-62 caption3 kernel (AR)
\captionmargin=\dimen127
\captionmargin@=\dimen128
\captionwidth=\dimen129
\caption@tempdima=\dimen130
\caption@indent=\dimen131
\caption@parindent=\dimen132
\caption@hangindent=\dimen133
)
\c@float@type=\count122
\float@exts=\toks25
\float@box=\box32
\@floatcapt=\box33
Package floatrow Info: Modified float package code loaded on input line 455.
Package floatrow Info: Modified rotfloat package code loaded on input line 473.

\FR@everyfloat=\toks26
\flrow@foot=\insert233
\FB@wd=\dimen134
\FBo@wd=\dimen135
\FBc@wd=\dimen136
\FBo@ht=\skip55
\FBc@ht=\skip56
\FBf@ht=\skip57
\FBo@max=\skip58
\FBc@max=\skip59
\FBf@max=\skip60
\c@FBl@b=\count123
\floatbox@depth=\count124
\c@FRobj=\count125
\c@FRsobj=\count126
\Xhsize=\skip61
\sXhsize=\skip62
\Zhsize=\skip63
\sZhsize=\skip64
\flrow@rowbox=\box34
\FR@Zunitlength=\dimen137
\c@FBcnt=\count127
\FPOScnt=\count128
\LTleft=\skip65
\LTright=\skip66
\LTleft=\skip67
\LTright=\skip68
\flrow@types=\toks27
)
("C:\Program Files (x86)\MiKTeX 2.9\tex\latex\amsfonts\amssymb.sty"
Package: amssymb 2009/06/22 v3.00

("C:\Program Files (x86)\MiKTeX 2.9\tex\latex\amsfonts\amsfonts.sty"
Package: amsfonts 2009/06/22 v3.00 Basic AMSFonts support
\symAMSa=\mathgroup4
\symAMSb=\mathgroup5
LaTeX Font Info:    Overwriting math alphabet `\mathfrak' in version `bold'
(Font)                  U/euf/m/n --> U/euf/b/n on input line 96.
))
("C:\Program Files (x86)\MiKTeX 2.9\tex\latex\rotating\rotating.sty"
Package: rotating 2009/03/28 v2.16a rotated objects in LaTeX

("C:\Program Files (x86)\MiKTeX 2.9\tex\latex\base\ifthen.sty"
Package: ifthen 2001/05/26 v1.1c Standard LaTeX ifthen package (DPC)
)
\c@r@tfl@t=\count129
\rotFPtop=\skip69
\rotFPbot=\skip70
\rot@float@box=\box35
\rot@mess@toks=\toks28
)
("C:\Program Files (x86)\MiKTeX 2.9\tex\latex\tools\afterpage.sty"
Package: afterpage 1995/10/27 v1.08 After-Page Package (DPC)
\AP@output=\toks29
\AP@partial=\box36
\AP@footins=\box37
)
("C:\Program Files (x86)\MiKTeX 2.9\tex\latex\geometry\geometry.sty"
Package: geometry 2010/09/12 v5.6 Page Geometry
\Gm@cnth=\count130
\Gm@cntv=\count131
\c@Gm@tempcnt=\count132
\Gm@bindingoffset=\dimen138
\Gm@wd@mp=\dimen139
\Gm@odd@mp=\dimen140
\Gm@even@mp=\dimen141
\Gm@layoutwidth=\dimen142
\Gm@layoutheight=\dimen143
\Gm@layouthoffset=\dimen144
\Gm@layoutvoffset=\dimen145
\Gm@dimlist=\toks30

("C:\Program Files (x86)\MiKTeX 2.9\tex\latex\geometry\geometry.cfg"))
("C:\Program Files (x86)\MiKTeX 2.9\tex\latex\titlesec\titlesec.sty"
Package: titlesec 2011/12/15 v2.10.0 Sectioning titles
\ttl@box=\box38
\beforetitleunit=\skip71
\aftertitleunit=\skip72
\ttl@plus=\dimen146
\ttl@minus=\dimen147
\ttl@toksa=\toks31
\titlewidth=\dimen148
\titlewidthlast=\dimen149
\titlewidthfirst=\dimen150
)
("C:\Program Files (x86)\MiKTeX 2.9\tex\latex\oberdiek\epstopdf.sty"
Package: epstopdf 2010/02/09 v2.5 Conversion with epstopdf on the fly (HO)

("C:\Program Files (x86)\MiKTeX 2.9\tex\latex\oberdiek\epstopdf-base.sty"
Package: epstopdf-base 2010/02/09 v2.5 Base part for package epstopdf

("C:\Program Files (x86)\MiKTeX 2.9\tex\latex\oberdiek\grfext.sty"
Package: grfext 2010/08/19 v1.1 Manage graphics extensions (HO)
)
Package grfext Info: Graphics extension search list:
(grfext)             [.png,.pdf,.jpg,.mps,.jpeg,.jbig2,.jb2,.PNG,.PDF,.JPG,.JPE
G,.JBIG2,.JB2,.eps]
(grfext)             \AppendGraphicsExtensions on input line 452.
))
("C:\Program Files (x86)\MiKTeX 2.9\tex\latex\base\latexsym.sty"
Package: latexsym 1998/08/17 v2.2e Standard LaTeX package (lasy symbols)
\symlasy=\mathgroup6
LaTeX Font Info:    Overwriting symbol font `lasy' in version `bold'
(Font)                  U/lasy/m/n --> U/lasy/b/n on input line 47.
)
("C:\Program Files (x86)\MiKTeX 2.9\tex\latex\graphics\color.sty"
Package: color 2005/11/14 v1.0j Standard LaTeX Color (DPC)

("C:\Program Files (x86)\MiKTeX 2.9\tex\latex\00miktex\color.cfg"
File: color.cfg 2007/01/18 v1.5 color configuration of teTeX/TeXLive
)
Package color Info: Driver file: pdftex.def on input line 130.
)
("C:\Program Files (x86)\MiKTeX 2.9\tex\latex\tools\array.sty"
Package: array 2008/09/09 v2.4c Tabular extension package (FMi)
\col@sep=\dimen151
\extrarowheight=\dimen152
\NC@list=\toks32
\extratabsurround=\skip73
\backup@length=\skip74
)
("C:\Program Files (x86)\MiKTeX 2.9\tex\latex\wasysym\wasysym.sty"
Package: wasysym 2003/10/30 v2.0 Wasy-2 symbol support package
\symwasy=\mathgroup7
LaTeX Font Info:    Overwriting symbol font `wasy' in version `bold'
(Font)                  U/wasy/m/n --> U/wasy/b/n on input line 90.
)
("C:\Program Files (x86)\MiKTeX 2.9\tex\latex\subfig\subfig.sty"
Package: subfig 2005/06/28 ver: 1.3 subfig package

("C:\Program Files (x86)\MiKTeX 2.9\tex\latex\caption\caption.sty"
Package: caption 2013/02/03 v3.3-65 Customizing captions (AR)
\c@ContinuedFloat=\count133
Package caption Info: float package is loaded.
Package caption Info: floatrow package is loaded.
Package caption Info: hyperref package is loaded.
Package caption Info: longtable package is loaded.

("C:\Program Files (x86)\MiKTeX 2.9\tex\latex\caption\ltcaption.sty"
Package: ltcaption 2013/02/03 v1.3-62 longtable captions (AR)
)
Package caption Info: rotating package is loaded.
)
\c@KVtest=\count134
\sf@farskip=\skip75
\sf@captopadj=\dimen153
\sf@capskip=\skip76
\sf@nearskip=\skip77
\c@subfigure=\count135
\c@subfigure@save=\count136
\c@lofdepth=\count137
\c@subtable=\count138
\c@subtable@save=\count139
\c@lotdepth=\count140
\sf@top=\skip78
\sf@bottom=\skip79
)
("C:\Program Files (x86)\MiKTeX 2.9\tex\latex\titlesec\block.tss"
File: block.tss 2011/12/15
)
("C:\Users\Richard\Desktop\KrypCal 2p20 Write Up\KrypCal Overview Rewrite.aux"

LaTeX Warning: Label `Kr2p20' multiply defined.


LaTeX Warning: Label `fig:KrypCalFieldStrength' multiply defined.

)
LaTeX Font Info:    Checking defaults for OML/cmm/m/it on input line 58.
LaTeX Font Info:    ... okay on input line 58.
LaTeX Font Info:    Checking defaults for T1/cmr/m/n on input line 58.
LaTeX Font Info:    ... okay on input line 58.
LaTeX Font Info:    Checking defaults for OT1/cmr/m/n on input line 58.
LaTeX Font Info:    ... okay on input line 58.
LaTeX Font Info:    Checking defaults for OMS/cmsy/m/n on input line 58.
LaTeX Font Info:    ... okay on input line 58.
LaTeX Font Info:    Checking defaults for OMX/cmex/m/n on input line 58.
LaTeX Font Info:    ... okay on input line 58.
LaTeX Font Info:    Checking defaults for U/cmr/m/n on input line 58.
LaTeX Font Info:    ... okay on input line 58.
LaTeX Font Info:    Checking defaults for PD1/pdf/m/n on input line 58.
LaTeX Font Info:    ... okay on input line 58.
\AtBeginShipoutBox=\box39
Package hyperref Info: Link coloring OFF on input line 58.
 ("C:\Program Files (x86)\MiKTeX 2.9\tex\latex\hyperref\nameref.sty"
Package: nameref 2010/04/30 v2.40 Cross-referencing by name of section

("C:\Program Files (x86)\MiKTeX 2.9\tex\generic\oberdiek\gettitlestring.sty"
Package: gettitlestring 2010/12/03 v1.4 Cleanup title references (HO)
)
\c@section@level=\count141
)
LaTeX Info: Redefining \ref on input line 58.
LaTeX Info: Redefining \pageref on input line 58.
LaTeX Info: Redefining \nameref on input line 58.

("C:\Users\Richard\Desktop\KrypCal 2p20 Write Up\KrypCal Overview Rewrite.out")
("C:\Users\Richard\Desktop\KrypCal 2p20 Write Up\KrypCal Overview Rewrite.out")
\@outlinefile=\write3
("C:\Program Files (x86)\MiKTeX 2.9\tex\context\base\supp-pdf.mkii"
[Loading MPS to PDF converter (version 2006.09.02).]
\scratchcounter=\count142
\scratchdimen=\dimen154
\scratchbox=\box40
\nofMPsegments=\count143
\nofMParguments=\count144
\everyMPshowfont=\toks33
\MPscratchCnt=\count145
\MPscratchDim=\dimen155
\MPnumerator=\count146
\makeMPintoPDFobject=\count147
\everyMPtoPDFconversion=\toks34
)
Package caption Info: Begin \AtBeginDocument code.
Package caption Info: subfig package v1.3 is loaded.
Package caption Info: End \AtBeginDocument code.
 ("C:\Program Files (x86)\MiKTeX 2.9\tex\latex\floatrow\fr-subfig.sty"
Package: fr-subfig 2007/12/24 v0.1g (beta) floatrow: additions for subfig
\FBsc@max=\skip80
\FBso@max=\skip81
)
("C:\Program Files (x86)\MiKTeX 2.9\tex\latex\floatrow\fr-longtable.sty"
Package: fr-longtable 2007/11/28 v0.1b (beta) floatrow: additions for longtable

\flrow@LT@lasthead=\box41
\flrow@LT@prelastfoot=\box42
\c@FBLTpage=\count148
)
*geometry* driver: auto-detecting
*geometry* detected driver: pdftex
*geometry* verbose mode - [ preamble ] result:
* driver: pdftex
* paper: a4paper
* layout: <same size as paper>
* layoutoffset:(h,v)=(0.0pt,0.0pt)
* modes: 
* h-part:(L,W,R)=(89.62709pt, 418.25368pt, 89.6271pt)
* v-part:(T,H,B)=(101.40665pt, 591.5302pt, 152.11pt)
* \paperwidth=597.50787pt
* \paperheight=845.04684pt
* \textwidth=418.25368pt
* \textheight=591.5302pt
* \oddsidemargin=17.3571pt
* \evensidemargin=17.3571pt
* \topmargin=-7.86334pt
* \headheight=12.0pt
* \headsep=25.0pt
* \topskip=12.0pt
* \footskip=30.0pt
* \marginparwidth=35.0pt
* \marginparsep=10.0pt
* \columnsep=10.0pt
* \skip\footins=10.8pt plus 4.0pt minus 2.0pt
* \hoffset=0.0pt
* \voffset=0.0pt
* \mag=1000
* \@twocolumnfalse
* \@twosidefalse
* \@mparswitchfalse
* \@reversemarginfalse
* (1in=72.27pt=25.4mm, 1cm=28.453pt)

LaTeX Font Info:    Try loading font information for U+msa on input line 63.
("C:\Program Files (x86)\MiKTeX 2.9\tex\latex\amsfonts\umsa.fd"
File: umsa.fd 2009/06/22 v3.00 AMS symbols A
)
LaTeX Font Info:    Try loading font information for U+msb on input line 63.

("C:\Program Files (x86)\MiKTeX 2.9\tex\latex\amsfonts\umsb.fd"
File: umsb.fd 2009/06/22 v3.00 AMS symbols B
)
LaTeX Font Info:    Try loading font information for U+lasy on input line 63.

("C:\Program Files (x86)\MiKTeX 2.9\tex\latex\base\ulasy.fd"
File: ulasy.fd 1998/08/17 v2.2e LaTeX symbol font definitions
)
LaTeX Font Info:    Try loading font information for U+wasy on input line 63.

("C:\Program Files (x86)\MiKTeX 2.9\tex\latex\wasysym\uwasy.fd"
File: uwasy.fd 2003/10/30 v2.0 Wasy-2 symbol font definitions
)
("C:\Users\Richard\Desktop\KrypCal 2p20 Write Up\KrypCal Overview Rewrite.toc"
[1

{C:/ProgramData/MiKTeX/2.9/pdftex/config/pdftex.map}])
\tf@toc=\write4
 [2] [3] [4]
<Sep2014_Field_Detailed.png, id=203, 1053.1847pt x 702.37407pt>
File: Sep2014_Field_Detailed.png Graphic file (type png)

<use Sep2014_Field_Detailed.png>
Package pdftex.def Info: Sep2014_Field_Detailed.png used on input line 88.
(pdftex.def)             Requested size: 421.26642pt x 280.94466pt.


Package caption Warning: The option `hypcap=true' will be ignored for this
(caption)                particular \caption on input line 89.
See the caption package documentation for explanation.


Overfull \hbox (3.01274pt too wide) in paragraph at lines 88--89
 [] 
 []

[5 <C:/Users/Richard/Desktop/KrypCal 2p20 Write Up/Sep2014_Field_Detailed.png>]
[6] <Sep2014_Field.png, id=224, 520.19344pt x 625.58719pt>
File: Sep2014_Field.png Graphic file (type png)

<use Sep2014_Field.png>
Package pdftex.def Info: Sep2014_Field.png used on input line 103.
(pdftex.def)             Requested size: 260.09607pt x 312.79283pt.


Package caption Warning: The option `hypcap=true' will be ignored for this
(caption)                particular \caption on input line 104.
See the caption package documentation for explanation.

<Recomb.png, id=229, 816.80156pt x 673.01437pt>
File: Recomb.png Graphic file (type png)
 <use Recomb.png>
Package pdftex.def Info: Recomb.png used on input line 109.
(pdftex.def)             Requested size: 326.71483pt x 269.20097pt.


Package caption Warning: The option `hypcap=true' will be ignored for this
(caption)                particular \caption on input line 110.
See the caption package documentation for explanation.

[7 <C:/Users/Richard/Desktop/KrypCal 2p20 Write Up/Sep2014_Field.png>] [8 <C:/U
sers/Richard/Desktop/KrypCal 2p20 Write Up/Recomb.png>]
Overfull \hbox (418.25368pt too wide) detected at line 133
 [] 
 []


Underfull \hbox (badness 10000) in alignment at lines 116--135
[] [] [] []
 []


Underfull \vbox (badness 10000) detected at line 135
 []

[9]
Overfull \hbox (418.25368pt too wide) detected at line 156
 [] 
 []


Overfull \hbox (0.4724pt too wide) in alignment at lines 139--158
[] [] [] []
 []


Underfull \vbox (badness 10000) detected at line 158
 []


Overfull \hbox (418.25368pt too wide) detected at line 178
 [] 
 []


Overfull \hbox (0.4724pt too wide) in alignment at lines 161--180
[] [] [] []
 []


Underfull \vbox (badness 10000) detected at line 180
 []

<KrEnergy_NoFieldCorr.png, id=257, 421.575pt x 316.18124pt>
File: KrEnergy_NoFieldCorr.png Graphic file (type png)

<use KrEnergy_NoFieldCorr.png>
Package pdftex.def Info: KrEnergy_NoFieldCorr.png used on input line 184.
(pdftex.def)             Requested size: 184.9429pt x 138.71008pt.

<KrEnergyZDep_NoFieldCorrection.png, id=258, 421.575pt x 316.18124pt>
File: KrEnergyZDep_NoFieldCorrection.png Graphic file (type png)

<use KrEnergyZDep_NoFieldCorrection.png>
Package pdftex.def Info: KrEnergyZDep_NoFieldCorrection.png used on input line 
186.
(pdftex.def)             Requested size: 184.9429pt x 138.71008pt.

<CH3T_Sep2014_Energy_NoFieldCorrection.png, id=259, 421.575pt x 316.18124pt>
File: CH3T_Sep2014_Energy_NoFieldCorrection.png Graphic file (type png)

<use CH3T_Sep2014_Energy_NoFieldCorrection.png>
Package pdftex.def Info: CH3T_Sep2014_Energy_NoFieldCorrection.png used on inpu
t line 194.
(pdftex.def)             Requested size: 184.9429pt x 138.71008pt.

<CH3T_Sep2015_Energy_NoFieldCorr.png, id=260, 421.575pt x 316.18124pt>
File: CH3T_Sep2015_Energy_NoFieldCorr.png Graphic file (type png)

<use CH3T_Sep2015_Energy_NoFieldCorr.png>
Package pdftex.def Info: CH3T_Sep2015_Energy_NoFieldCorr.png used on input line
 196.
(pdftex.def)             Requested size: 184.9429pt x 138.71008pt.

<KrypCal_2p18_DDPeaks_NoFieldCorr.png, id=261, 421.575pt x 316.18124pt>
File: KrypCal_2p18_DDPeaks_NoFieldCorr.png Graphic file (type png)

<use KrypCal_2p18_DDPeaks_NoFieldCorr.png>
Package pdftex.def Info: KrypCal_2p18_DDPeaks_NoFieldCorr.png used on input lin
e 202.
(pdftex.def)             Requested size: 295.10048pt x 221.32535pt.


Package caption Warning: The option `hypcap=true' will be ignored for this
(caption)                particular \caption on input line 203.
See the caption package documentation for explanation.

[10] [11 <C:/Users/Richard/Desktop/KrypCal 2p20 Write Up/KrEnergy_NoFieldCorr.p
ng (PNG copy)> <C:/Users/Richard/Desktop/KrypCal 2p20 Write Up/KrEnergyZDep_NoF
ieldCorrection.png (PNG copy)> <C:/Users/Richard/Desktop/KrypCal 2p20 Write Up/
CH3T_Sep2014_Energy_NoFieldCorrection.png (PNG copy)> <C:/Users/Richard/Desktop
/KrypCal 2p20 Write Up/CH3T_Sep2015_Energy_NoFieldCorr.png (PNG copy)>]
[12 <C:/Users/Richard/Desktop/KrypCal 2p20 Write Up/KrypCal_2p18_DDPeaks_NoFiel
dCorr.png (PNG copy)>]
<Sep2014ERBand_NoFieldCorr.png, id=283, 558.58687pt x 410.2828pt>
File: Sep2014ERBand_NoFieldCorr.png Graphic file (type png)

<use Sep2014ERBand_NoFieldCorr.png>
Package pdftex.def Info: Sep2014ERBand_NoFieldCorr.png used on input line 213.
(pdftex.def)             Requested size: 184.9429pt x 135.83823pt.

<Sep2015ERBand_NoFieldCorr.png, id=284, 556.32843pt x 411.78844pt>
File: Sep2015ERBand_NoFieldCorr.png Graphic file (type png)

<use Sep2015ERBand_NoFieldCorr.png>
Package pdftex.def Info: Sep2015ERBand_NoFieldCorr.png used on input line 215.
(pdftex.def)             Requested size: 184.9429pt x 136.89594pt.

<Sep2014ERBand_WithKrypCal2p20.png, id=285, 557.83406pt x 411.78844pt>
File: Sep2014ERBand_WithKrypCal2p20.png Graphic file (type png)

<use Sep2014ERBand_WithKrypCal2p20.png>
Package pdftex.def Info: Sep2014ERBand_WithKrypCal2p20.png used on input line 2
22.
(pdftex.def)             Requested size: 184.9429pt x 136.51894pt.

<Sep2015ERBand_WithKr2p20.png, id=286, 554.82281pt x 413.29407pt>
File: Sep2015ERBand_WithKr2p20.png Graphic file (type png)

<use Sep2015ERBand_WithKr2p20.png>
Package pdftex.def Info: Sep2015ERBand_WithKr2p20.png used on input line 224.
(pdftex.def)             Requested size: 184.9429pt x 137.76224pt.
 [13 <C:/Users/Richard/Desktop/KrypCal 2p20 Write Up/Sep2014ERBand_NoFieldCorr.
png (PNG copy)> <C:/Users/Richard/Desktop/KrypCal 2p20 Write Up/Sep2015ERBand_N
oFieldCorr.png (PNG copy)> <C:/Users/Richard/Desktop/KrypCal 2p20 Write Up/Sep2
014ERBand_WithKrypCal2p20.png (PNG copy)> <C:/Users/Richard/Desktop/KrypCal 2p2
0 Write Up/Sep2015ERBand_WithKr2p20.png (PNG copy)>]

Package hyperref Warning: Token not allowed in a PDF string (PDFDocEncoding):
(hyperref)                removing `math shift' on input line 236.


Package hyperref Warning: Token not allowed in a PDF string (PDFDocEncoding):
(hyperref)                removing `superscript' on input line 236.


Package hyperref Warning: Token not allowed in a PDF string (PDFDocEncoding):
(hyperref)                removing `math shift' on input line 236.

[14] [15]

Package hyperref Warning: Token not allowed in a PDF string (PDFDocEncoding):
(hyperref)                removing `math shift' on input line 247.


Package hyperref Warning: Token not allowed in a PDF string (PDFDocEncoding):
(hyperref)                removing `subscript' on input line 247.


Package hyperref Warning: Token not allowed in a PDF string (PDFDocEncoding):
(hyperref)                removing `math shift' on input line 247.

[16] <TritiumDetectorInefficiency_Cuts.png, id=316, 557.08125pt x 417.05812pt>
File: TritiumDetectorInefficiency_Cuts.png Graphic file (type png)

<use TritiumDetectorInefficiency_Cuts.png>
Package pdftex.def Info: TritiumDetectorInefficiency_Cuts.png used on input lin
e 252.
(pdftex.def)             Requested size: 334.25133pt x 250.2368pt.


Package caption Warning: The option `hypcap=true' will be ignored for this
(caption)                particular \caption on input line 253.
See the caption package documentation for explanation.

[17 <C:/Users/Richard/Desktop/KrypCal 2p20 Write Up/TritiumDetectorInefficiency
_Cuts.png (PNG copy)>]
<TritiumDetectorInefficiency_RecombMap.png, id=328, 517.935pt x 412.54124pt>
File: TritiumDetectorInefficiency_RecombMap.png Graphic file (type png)

<use TritiumDetectorInefficiency_RecombMap.png>
Package pdftex.def Info: TritiumDetectorInefficiency_RecombMap.png used on inpu
t line 267.
(pdftex.def)             Requested size: 258.96686pt x 206.27011pt.


Package caption Warning: The option `hypcap=true' will be ignored for this
(caption)                particular \caption on input line 268.
See the caption package documentation for explanation.

[18 <C:/Users/Richard/Desktop/KrypCal 2p20 Write Up/TritiumDetectorInefficiency
_RecombMap.png (PNG copy)>] [19]
<LandauFits.png, id=344, 432.86719pt x 334.24875pt>
File: LandauFits.png Graphic file (type png)
 <use LandauFits.png>
Package pdftex.def Info: LandauFits.png used on input line 296.
(pdftex.def)             Requested size: 184.9429pt x 142.8061pt.

<CH3T_S2_ZDep.png, id=345, 427.5975pt x 316.18124pt>
File: CH3T_S2_ZDep.png Graphic file (type png)
 <use CH3T_S2_ZDep.png>
Package pdftex.def Info: CH3T_S2_ZDep.png used on input line 298.
(pdftex.def)             Requested size: 184.9429pt x 136.75133pt.

[20 <C:/Users/Richard/Desktop/KrypCal 2p20 Write Up/LandauFits.png (PNG copy)> 
<C:/Users/Richard/Desktop/KrypCal 2p20 Write Up/CH3T_S2_ZDep.png (PNG copy)>]
<CH3T_S2_XYDep.png, id=354, 421.575pt x 311.66437pt>
File: CH3T_S2_XYDep.png Graphic file (type png)
 <use CH3T_S2_XYDep.png>
Package pdftex.def Info: CH3T_S2_XYDep.png used on input line 310.
(pdftex.def)             Requested size: 252.94695pt x 187.00006pt.


Package caption Warning: The option `hypcap=true' will be ignored for this
(caption)                particular \caption on input line 311.
See the caption package documentation for explanation.

[21 <C:/Users/Richard/Desktop/KrypCal 2p20 Write Up/CH3T_S2_XYDep.png (PNG copy
)>] <CH3T_S1_Threshold.png, id=366, 421.575pt x 316.18124pt>
File: CH3T_S1_Threshold.png Graphic file (type png)

<use CH3T_S1_Threshold.png>
Package pdftex.def Info: CH3T_S1_Threshold.png used on input line 327.
(pdftex.def)             Requested size: 252.94695pt x 189.7102pt.


Package caption Warning: The option `hypcap=true' will be ignored for this
(caption)                particular \caption on input line 328.
See the caption package documentation for explanation.


Package hyperref Warning: Token not allowed in a PDF string (PDFDocEncoding):
(hyperref)                removing `math shift' on input line 333.


Package hyperref Warning: Token not allowed in a PDF string (PDFDocEncoding):
(hyperref)                removing `superscript' on input line 333.


Package hyperref Warning: Token not allowed in a PDF string (PDFDocEncoding):
(hyperref)                removing `math shift' on input line 333.

[22 <C:/Users/Richard/Desktop/KrypCal 2p20 Write Up/CH3T_S1_Threshold.png (PNG 
copy)>] <FieldEffectZ_S2Only.png, id=375, 421.575pt x 311.66437pt>
File: FieldEffectZ_S2Only.png Graphic file (type png)

<use FieldEffectZ_S2Only.png>
Package pdftex.def Info: FieldEffectZ_S2Only.png used on input line 344.
(pdftex.def)             Requested size: 252.94695pt x 187.00006pt.


Package caption Warning: The option `hypcap=true' will be ignored for this
(caption)                particular \caption on input line 345.
See the caption package documentation for explanation.

[23 <C:/Users/Richard/Desktop/KrypCal 2p20 Write Up/FieldEffectZ_S2Only.png (PN
G copy)>] <GaussianFits.png, id=383, 421.575pt x 316.18124pt>
File: GaussianFits.png Graphic file (type png)

<use GaussianFits.png>
Package pdftex.def Info: GaussianFits.png used on input line 351.
(pdftex.def)             Requested size: 184.9429pt x 138.71008pt.
 <Kr_S2_ZDep.png, id=384, 421.575pt x 322.20375pt>
File: Kr_S2_ZDep.png Graphic file (type png)

<use Kr_S2_ZDep.png>
Package pdftex.def Info: Kr_S2_ZDep.png used on input line 353.
(pdftex.def)             Requested size: 184.9429pt x 141.35219pt.
 [24 <C:/Users/Richard/Desktop/KrypCal 2p20 Write Up/GaussianFits.png (PNG copy
)> <C:/Users/Richard/Desktop/KrypCal 2p20 Write Up/Kr_S2_ZDep.png (PNG copy)>] 
<Kr_S2_XYDep.png, id=393, 421.575pt x 316.18124pt>
File: Kr_S2_XYDep.png Graphic file (type png)

<use Kr_S2_XYDep.png>
Package pdftex.def Info: Kr_S2_XYDep.png used on input line 366.
(pdftex.def)             Requested size: 252.94695pt x 189.7102pt.


Package caption Warning: The option `hypcap=true' will be ignored for this
(caption)                particular \caption on input line 367.
See the caption package documentation for explanation.


Package hyperref Warning: Token not allowed in a PDF string (PDFDocEncoding):
(hyperref)                removing `math shift' on input line 373.


Package hyperref Warning: Token not allowed in a PDF string (PDFDocEncoding):
(hyperref)                removing `superscript' on input line 373.


Package hyperref Warning: Token not allowed in a PDF string (PDFDocEncoding):
(hyperref)                removing `math shift' on input line 373.

[25 <C:/Users/Richard/Desktop/KrypCal 2p20 Write Up/Kr_S2_XYDep.png (PNG copy)>
] <s1a_s1b_sumpod.png, id=403, 562.1pt x 421.575pt>
File: s1a_s1b_sumpod.png Graphic file (type png)
 <use s1a_s1b_sumpod.png>
Package pdftex.def Info: s1a_s1b_sumpod.png used on input line 381.
(pdftex.def)             Requested size: 337.2626pt x 252.94695pt.


Package caption Warning: The option `hypcap=true' will be ignored for this
(caption)                particular \caption on input line 382.
See the caption package documentation for explanation.

[26] <S1aS1bCut_Timing.png, id=410, 557.08125pt x 417.05812pt>
File: S1aS1bCut_Timing.png Graphic file (type png)

<use S1aS1bCut_Timing.png>
Package pdftex.def Info: S1aS1bCut_Timing.png used on input line 388.
(pdftex.def)             Requested size: 184.9429pt x 138.4569pt.
 <S1aS1bCut.png, id=411, 557.08125pt x 417.05812pt>
File: S1aS1bCut.png Graphic file (type png)

<use S1aS1bCut.png>
Package pdftex.def Info: S1aS1bCut.png used on input line 390.
(pdftex.def)             Requested size: 184.9429pt x 138.4569pt.
 <S1aGaussianFits.png, id=414, 557.08125pt x 417.05812pt>
File: S1aGaussianFits.png Graphic file (type png)

<use S1aGaussianFits.png>
Package pdftex.def Info: S1aGaussianFits.png used on input line 404.
(pdftex.def)             Requested size: 184.9429pt x 138.4569pt.
 <S1aS1bZDep.png, id=415, 421.575pt x 316.18124pt>
File: S1aS1bZDep.png Graphic file (type png)

<use S1aS1bZDep.png>
Package pdftex.def Info: S1aS1bZDep.png used on input line 406.
(pdftex.def)             Requested size: 184.9429pt x 138.71008pt.
 [27 <C:/Users/Richard/Desktop/KrypCal 2p20 Write Up/s1a_s1b_sumpod.png (PNG co
py)>] [28 <C:/Users/Richard/Desktop/KrypCal 2p20 Write Up/S1aS1bCut_Timing.png 
(PNG copy)> <C:/Users/Richard/Desktop/KrypCal 2p20 Write Up/S1aS1bCut.png (PNG 
copy)> <C:/Users/Richard/Desktop/KrypCal 2p20 Write Up/S1aGaussianFits.png (PNG
 copy)> <C:/Users/Richard/Desktop/KrypCal 2p20 Write Up/S1aS1bZDep.png (PNG cop
y)>] <S1aS1bvXY.png, id=430, 421.575pt x 316.18124pt>
File: S1aS1bvXY.png Graphic file (type png)

<use S1aS1bvXY.png>
Package pdftex.def Info: S1aS1bvXY.png used on input line 416.
(pdftex.def)             Requested size: 252.94695pt x 189.7102pt.


Package caption Warning: The option `hypcap=true' will be ignored for this
(caption)                particular \caption on input line 417.
See the caption package documentation for explanation.

[29 <C:/Users/Richard/Desktop/KrypCal 2p20 Write Up/S1aS1bvXY.png (PNG copy)>]
<S1aS1bVField_XYDep.png, id=439, 557.08125pt x 417.05812pt>
File: S1aS1bVField_XYDep.png Graphic file (type png)

<use S1aS1bVField_XYDep.png>
Package pdftex.def Info: S1aS1bVField_XYDep.png used on input line 424.
(pdftex.def)             Requested size: 334.25133pt x 250.2368pt.


Package caption Warning: The option `hypcap=true' will be ignored for this
(caption)                particular \caption on input line 425.
See the caption package documentation for explanation.

[30 <C:/Users/Richard/Desktop/KrypCal 2p20 Write Up/S1aS1bVField_XYDep.png (PNG
 copy)>] <S1aS1bvField_ZDep_3D_S2Only.png, id=446, 557.08125pt x 417.05812pt>
File: S1aS1bvField_ZDep_3D_S2Only.png Graphic file (type png)

<use S1aS1bvField_ZDep_3D_S2Only.png>
Package pdftex.def Info: S1aS1bvField_ZDep_3D_S2Only.png used on input line 430
.
(pdftex.def)             Requested size: 334.25133pt x 250.2368pt.


Package caption Warning: The option `hypcap=true' will be ignored for this
(caption)                particular \caption on input line 431.
See the caption package documentation for explanation.

[31 <C:/Users/Richard/Desktop/KrypCal 2p20 Write Up/S1aS1bvField_ZDep_3D_S2Only
.png (PNG copy)>] [32]
<S1aS1bvField_ZDep_3D.png, id=474, 551.05875pt x 435.12563pt>
File: S1aS1bvField_ZDep_3D.png Graphic file (type png)

<use S1aS1bvField_ZDep_3D.png>
Package pdftex.def Info: S1aS1bvField_ZDep_3D.png used on input line 467.
(pdftex.def)             Requested size: 330.63779pt x 261.07738pt.


Package caption Warning: The option `hypcap=true' will be ignored for this
(caption)                particular \caption on input line 468.
See the caption package documentation for explanation.

[33] [34 <C:/Users/Richard/Desktop/KrypCal 2p20 Write Up/S1aS1bvField_ZDep_3D.p
ng (PNG copy)>]
<InferredS1Measure_Sep2014CH3T.png, id=488, 421.575pt x 316.18124pt>
File: InferredS1Measure_Sep2014CH3T.png Graphic file (type png)

<use InferredS1Measure_Sep2014CH3T.png>
Package pdftex.def Info: InferredS1Measure_Sep2014CH3T.png used on input line 4
76.
(pdftex.def)             Requested size: 184.9429pt x 138.71008pt.

<InferredS1Measure_Sep2015CH3T.png, id=489, 421.575pt x 316.18124pt>
File: InferredS1Measure_Sep2015CH3T.png Graphic file (type png)

<use InferredS1Measure_Sep2015CH3T.png>
Package pdftex.def Info: InferredS1Measure_Sep2015CH3T.png used on input line 4
78.
(pdftex.def)             Requested size: 184.9429pt x 138.71008pt.

<InferredS1Measure_KrSpectra.png, id=490, 421.575pt x 316.18124pt>
File: InferredS1Measure_KrSpectra.png Graphic file (type png)

<use InferredS1Measure_KrSpectra.png>
Package pdftex.def Info: InferredS1Measure_KrSpectra.png used on input line 486
.
(pdftex.def)             Requested size: 184.9429pt x 138.71008pt.

<InferredS1Measure_KrSpectraZDep.png, id=491, 421.575pt x 316.18124pt>
File: InferredS1Measure_KrSpectraZDep.png Graphic file (type png)

<use InferredS1Measure_KrSpectraZDep.png>
Package pdftex.def Info: InferredS1Measure_KrSpectraZDep.png used on input line
 488.
(pdftex.def)             Requested size: 184.9429pt x 138.71008pt.
 [35 <C:/Users/Richard/Desktop/KrypCal 2p20 Write Up/InferredS1Measure_Sep2014C
H3T.png (PNG copy)> <C:/Users/Richard/Desktop/KrypCal 2p20 Write Up/InferredS1M
easure_Sep2015CH3T.png (PNG copy)> <C:/Users/Richard/Desktop/KrypCal 2p20 Write
 Up/InferredS1Measure_KrSpectra.png (PNG copy)> <C:/Users/Richard/Desktop/KrypC
al 2p20 Write Up/InferredS1Measure_KrSpectraZDep.png (PNG copy)>] [36] [37]
<ManalaysayFieldQuenching.png, id=525, 941.76843pt x 690.32906pt>
File: ManalaysayFieldQuenching.png Graphic file (type png)

<use ManalaysayFieldQuenching.png>
Package pdftex.def Info: ManalaysayFieldQuenching.png used on input line 515.
(pdftex.def)             Requested size: 376.7007pt x 276.12672pt.


Package caption Warning: The option `hypcap=true' will be ignored for this
(caption)                particular \caption on input line 516.
See the caption package documentation for explanation.

<MatthewS1FieldEffectMeasurement.png, id=526, 645.16031pt x 472.76625pt>
File: MatthewS1FieldEffectMeasurement.png Graphic file (type png)

<use MatthewS1FieldEffectMeasurement.png>
Package pdftex.def Info: MatthewS1FieldEffectMeasurement.png used on input line
 521.
(pdftex.def)             Requested size: 387.09917pt x 283.66193pt.


Package caption Warning: The option `hypcap=true' will be ignored for this
(caption)                particular \caption on input line 522.
See the caption package documentation for explanation.

[38 <C:/Users/Richard/Desktop/KrypCal 2p20 Write Up/ManalaysayFieldQuenching.pn
g>] [39 <C:/Users/Richard/Desktop/KrypCal 2p20 Write Up/MatthewS1FieldEffectMea
surement.png (PNG copy)>] [40]
<CH3T_Sep2014_Energy_BothDirectMeasured.png, id=549, 421.575pt x 316.18124pt>
File: CH3T_Sep2014_Energy_BothDirectMeasured.png Graphic file (type png)

<use CH3T_Sep2014_Energy_BothDirectMeasured.png>
Package pdftex.def Info: CH3T_Sep2014_Energy_BothDirectMeasured.png used on inp
ut line 532.
(pdftex.def)             Requested size: 184.9429pt x 138.71008pt.

<CH3T_Sep2015_Energy_BothDirectMeasured.png, id=550, 421.575pt x 316.18124pt>
File: CH3T_Sep2015_Energy_BothDirectMeasured.png Graphic file (type png)

<use CH3T_Sep2015_Energy_BothDirectMeasured.png>
Package pdftex.def Info: CH3T_Sep2015_Energy_BothDirectMeasured.png used on inp
ut line 534.
(pdftex.def)             Requested size: 184.9429pt x 138.71008pt.

<KrEnergy_BothDirectMeasured.png, id=553, 421.575pt x 316.18124pt>
File: KrEnergy_BothDirectMeasured.png Graphic file (type png)

<use KrEnergy_BothDirectMeasured.png>
Package pdftex.def Info: KrEnergy_BothDirectMeasured.png used on input line 541
.
(pdftex.def)             Requested size: 184.9429pt x 138.71008pt.

<KrEnergyZDep_BothDirectMeasured.png, id=554, 421.575pt x 316.18124pt>
File: KrEnergyZDep_BothDirectMeasured.png Graphic file (type png)

<use KrEnergyZDep_BothDirectMeasured.png>
Package pdftex.def Info: KrEnergyZDep_BothDirectMeasured.png used on input line
 543.
(pdftex.def)             Requested size: 184.9429pt x 138.71008pt.
 [41 <C:/Users/Richard/Desktop/KrypCal 2p20 Write Up/CH3T_Sep2014_Energy_BothDi
rectMeasured.png (PNG copy)> <C:/Users/Richard/Desktop/KrypCal 2p20 Write Up/CH
3T_Sep2015_Energy_BothDirectMeasured.png (PNG copy)> <C:/Users/Richard/Desktop/
KrypCal 2p20 Write Up/KrEnergy_BothDirectMeasured.png (PNG copy)> <C:/Users/Ric
hard/Desktop/KrypCal 2p20 Write Up/KrEnergyZDep_BothDirectMeasured.png (PNG cop
y)>]

Package hyperref Warning: Token not allowed in a PDF string (PDFDocEncoding):
(hyperref)                removing `math shift' on input line 561.


Package hyperref Warning: Token not allowed in a PDF string (PDFDocEncoding):
(hyperref)                removing `\chi' on input line 561.


Package hyperref Warning: Token not allowed in a PDF string (PDFDocEncoding):
(hyperref)                removing `superscript' on input line 561.


Package hyperref Warning: Token not allowed in a PDF string (PDFDocEncoding):
(hyperref)                removing `math shift' on input line 561.

[42] [43]
Underfull \hbox (badness 4846) in paragraph at lines 595--595
[]|\T1/cmr/m/n/12 Fiducial used in chi2
 []


Underfull \hbox (badness 4846) in paragraph at lines 596--596
[]|\T1/cmr/m/n/12 Fiducial used in chi2
 []


Underfull \hbox (badness 1320) in paragraph at lines 597--597
[]|\T1/cmr/m/n/12 Simulated elec-tron life-
 []


Underfull \hbox (badness 10000) in paragraph at lines 597--597
[]|\T1/cmr/m/n/12 Doesn't ef-fect en-ergy
 []


Underfull \hbox (badness 7925) in paragraph at lines 604--604
[]|\T1/cmr/m/n/12 No longer needed in
 []


Underfull \hbox (badness 2150) in paragraph at lines 605--605
[]|\T1/cmr/m/n/12 S1 co-in-ci-dence win-dow
 []


Overfull \hbox (4.6314pt too wide) in alignment at lines 583--605
[] [] [] []
 []


Underfull \vbox (badness 10000) detected at line 605
 []


Underfull \hbox (badness 10000) in paragraph at lines 608--608
[]|\T1/cmr/m/n/12 Average drift ve-loc-ity
 []


Underfull \hbox (badness 2134) in paragraph at lines 609--609
[]|\T1/cmr/m/n/12 Based on Lu-cie's field
 []


Underfull \hbox (badness 10000) in paragraph at lines 611--611
[]|\T1/cmr/m/n/12 Single elec-tron width
 []


Underfull \hbox (badness 10000) in paragraph at lines 614--614
[]|\T1/cmr/m/n/12 Electric field map
 []


Underfull \hbox (badness 10000) in paragraph at lines 616--616
[]|\T1/cmr/m/n/12 Xenon gas den-sity
 []


Underfull \hbox (badness 2452) in paragraph at lines 616--616
[]|\T1/cmr/m/n/12 From tem-per-a-ture and
 []


Underfull \hbox (badness 10000) in paragraph at lines 617--617
[]|\T1/cmr/m/n/12 Xenon liq-uid den-sity
 []


Underfull \hbox (badness 2452) in paragraph at lines 617--617
[]|\T1/cmr/m/n/12 From tem-per-a-ture and
 []


Underfull \hbox (badness 4353) in paragraph at lines 619--619
[]|\T1/cmr/m/n/12 Defined to match SE
 []


Overfull \hbox (418.25368pt too wide) detected at line 620
 [] 
 []


Overfull \hbox (4.6314pt too wide) in alignment at lines 605--622
[] [] [] []
 []

[44] [45] [46] [47] <KrEnergy.png, id=608, 421.575pt x 316.18124pt>
File: KrEnergy.png Graphic file (type png)

<use KrEnergy.png>
Package pdftex.def Info: KrEnergy.png used on input line 630.
(pdftex.def)             Requested size: 184.9429pt x 138.71008pt.
 <KrEnergyZDep.png, id=609, 421.575pt x 316.18124pt>
File: KrEnergyZDep.png Graphic file (type png)

<use KrEnergyZDep.png>
Package pdftex.def Info: KrEnergyZDep.png used on input line 632.
(pdftex.def)             Requested size: 184.9429pt x 138.71008pt.


LaTeX Warning: `!h' float specifier changed to `!ht'.

[48]
File: InferredS1Measure_Sep2014CH3T.png Graphic file (type png)
 <use InferredS1Measure_Sep2014CH3T.png>
Package pdftex.def Info: InferredS1Measure_Sep2014CH3T.png used on input line 6
41.
(pdftex.def)             Requested size: 184.9429pt x 138.71008pt.
File: InferredS1Measure_Sep2015CH3T.png Graphic file (type png)

<use InferredS1Measure_Sep2015CH3T.png>
Package pdftex.def Info: InferredS1Measure_Sep2015CH3T.png used on input line 6
43.
(pdftex.def)             Requested size: 184.9429pt x 138.71008pt.


Package hyperref Warning: Token not allowed in a PDF string (PDFDocEncoding):
(hyperref)                removing `math shift' on input line 649.


Package hyperref Warning: Token not allowed in a PDF string (PDFDocEncoding):
(hyperref)                removing `\chi' on input line 649.


Package hyperref Warning: Token not allowed in a PDF string (PDFDocEncoding):
(hyperref)                removing `superscript' on input line 649.


Package hyperref Warning: Token not allowed in a PDF string (PDFDocEncoding):
(hyperref)                removing `math shift' on input line 649.

[49 <C:/Users/Richard/Desktop/KrypCal 2p20 Write Up/KrEnergy.png (PNG copy)> <C
:/Users/Richard/Desktop/KrypCal 2p20 Write Up/KrEnergyZDep.png (PNG copy)>]
<KrEnergy_S1MeasuredS2Float.png, id=632, 421.575pt x 316.18124pt>
File: KrEnergy_S1MeasuredS2Float.png Graphic file (type png)

<use KrEnergy_S1MeasuredS2Float.png>
Package pdftex.def Info: KrEnergy_S1MeasuredS2Float.png used on input line 659.

(pdftex.def)             Requested size: 184.9429pt x 138.71008pt.

<KrEnergyZDep_S1MeasuredS2Float.png, id=633, 421.575pt x 316.18124pt>
File: KrEnergyZDep_S1MeasuredS2Float.png Graphic file (type png)

<use KrEnergyZDep_S1MeasuredS2Float.png>
Package pdftex.def Info: KrEnergyZDep_S1MeasuredS2Float.png used on input line 
661.
(pdftex.def)             Requested size: 184.9429pt x 138.71008pt.


LaTeX Warning: `!h' float specifier changed to `!ht'.

[50]
<CH3T_Sep2014_Energy_S1MeasuredS2Float.png, id=639, 421.575pt x 316.18124pt>
File: CH3T_Sep2014_Energy_S1MeasuredS2Float.png Graphic file (type png)

<use CH3T_Sep2014_Energy_S1MeasuredS2Float.png>
Package pdftex.def Info: CH3T_Sep2014_Energy_S1MeasuredS2Float.png used on inpu
t line 670.
(pdftex.def)             Requested size: 184.9429pt x 138.71008pt.

<CH3T_Sep2015_Energy_S1MeasuredS2Float.png, id=640, 421.575pt x 316.18124pt>
File: CH3T_Sep2015_Energy_S1MeasuredS2Float.png Graphic file (type png)

<use CH3T_Sep2015_Energy_S1MeasuredS2Float.png>
Package pdftex.def Info: CH3T_Sep2015_Energy_S1MeasuredS2Float.png used on inpu
t line 672.
(pdftex.def)             Requested size: 184.9429pt x 138.71008pt.

<S1aS1bToField_Overlay_withManalaysay.png, id=641, 627.84563pt x 437.38406pt>
File: S1aS1bToField_Overlay_withManalaysay.png Graphic file (type png)

<use S1aS1bToField_Overlay_withManalaysay.png>
Package pdftex.def Info: S1aS1bToField_Overlay_withManalaysay.png used on input
 line 679.
(pdftex.def)             Requested size: 376.71028pt x 262.43245pt.


Package caption Warning: The option `hypcap=true' will be ignored for this
(caption)                particular \caption on input line 680.
See the caption package documentation for explanation.

[51 <C:/Users/Richard/Desktop/KrypCal 2p20 Write Up/KrEnergy_S1MeasuredS2Float.
png (PNG copy)> <C:/Users/Richard/Desktop/KrypCal 2p20 Write Up/KrEnergyZDep_S1
MeasuredS2Float.png (PNG copy)> <C:/Users/Richard/Desktop/KrypCal 2p20 Write Up
/CH3T_Sep2014_Energy_S1MeasuredS2Float.png (PNG copy)> <C:/Users/Richard/Deskto
p/KrypCal 2p20 Write Up/CH3T_Sep2015_Energy_S1MeasuredS2Float.png (PNG copy)>]
[52 <C:/Users/Richard/Desktop/KrypCal 2p20 Write Up/S1aS1bToField_Overlay_withM
analaysay.png (PNG copy)>]
<StrengthOfFieldEffectOverlay.png, id=661, 631.60968pt x 460.72125pt>
File: StrengthOfFieldEffectOverlay.png Graphic file (type png)

<use StrengthOfFieldEffectOverlay.png>
Package pdftex.def Info: StrengthOfFieldEffectOverlay.png used on input line 69
1.
(pdftex.def)             Requested size: 315.80406pt x 230.36006pt.


Package caption Warning: The option `hypcap=true' will be ignored for this
(caption)                particular \caption on input line 692.
See the caption package documentation for explanation.

[53 <C:/Users/Richard/Desktop/KrypCal 2p20 Write Up/StrengthOfFieldEffectOverla
y.png (PNG copy)>] [54]

Package hyperref Warning: Token not allowed in a PDF string (PDFDocEncoding):
(hyperref)                removing `math shift' on input line 704.


Package hyperref Warning: Token not allowed in a PDF string (PDFDocEncoding):
(hyperref)                removing `superscript' on input line 704.


Package hyperref Warning: Token not allowed in a PDF string (PDFDocEncoding):
(hyperref)                removing `math shift' on input line 704.

<KrypCal_FieldEffect.png, id=682, 421.575pt x 315.42844pt>
File: KrypCal_FieldEffect.png Graphic file (type png)

<use KrypCal_FieldEffect.png>
Package pdftex.def Info: KrypCal_FieldEffect.png used on input line 714.
(pdftex.def)             Requested size: 252.94695pt x 189.25851pt.


Package caption Warning: The option `hypcap=true' will be ignored for this
(caption)                particular \caption on input line 715.
See the caption package documentation for explanation.

[55 <C:/Users/Richard/Desktop/KrypCal 2p20 Write Up/KrypCal_FieldEffect.png (PN
G copy)>] [56] <S2F_GaussianFits.png, id=701, 421.575pt x 316.18124pt>
File: S2F_GaussianFits.png Graphic file (type png)

<use S2F_GaussianFits.png>
Package pdftex.def Info: S2F_GaussianFits.png used on input line 733.
(pdftex.def)             Requested size: 184.9429pt x 138.71008pt.
 <S2F_ZDep.png, id=702, 421.575pt x 316.18124pt>
File: S2F_ZDep.png Graphic file (type png)

<use S2F_ZDep.png>
Package pdftex.def Info: S2F_ZDep.png used on input line 735.
(pdftex.def)             Requested size: 184.9429pt x 138.71008pt.
 <S1F_GaussianFits.png, id=703, 421.575pt x 316.18124pt>
File: S1F_GaussianFits.png Graphic file (type png)

<use S1F_GaussianFits.png>
Package pdftex.def Info: S1F_GaussianFits.png used on input line 742.
(pdftex.def)             Requested size: 184.9429pt x 138.71008pt.
 <S1F_ZDep.png, id=704, 421.575pt x 316.18124pt>
File: S1F_ZDep.png Graphic file (type png)

<use S1F_ZDep.png>
Package pdftex.def Info: S1F_ZDep.png used on input line 744.
(pdftex.def)             Requested size: 184.9429pt x 138.71008pt.
 [57 <C:/Users/Richard/Desktop/KrypCal 2p20 Write Up/S2F_GaussianFits.png (PNG 
copy)> <C:/Users/Richard/Desktop/KrypCal 2p20 Write Up/S2F_ZDep.png (PNG copy)>
] <S2F_XYDep.png, id=714, 421.575pt x 316.18124pt>
File: S2F_XYDep.png Graphic file (type png)

<use S2F_XYDep.png>
Package pdftex.def Info: S2F_XYDep.png used on input line 758.
(pdftex.def)             Requested size: 184.9429pt x 138.71008pt.
 <S1F_XYDep.png, id=715, 421.575pt x 316.18124pt>
File: S1F_XYDep.png Graphic file (type png)

<use S1F_XYDep.png>
Package pdftex.def Info: S1F_XYDep.png used on input line 760.
(pdftex.def)             Requested size: 184.9429pt x 138.71008pt.
 [58 <C:/Users/Richard/Desktop/KrypCal 2p20 Write Up/S1F_GaussianFits.png (PNG 
copy)> <C:/Users/Richard/Desktop/KrypCal 2p20 Write Up/S1F_ZDep.png (PNG copy)>
] [59 <C:/Users/Richard/Desktop/KrypCal 2p20 Write Up/S2F_XYDep.png (PNG copy)>
 <C:/Users/Richard/Desktop/KrypCal 2p20 Write Up/S1F_XYDep.png (PNG copy)>] <Go
odLifetimeFit.png, id=733, 575.14874pt x 444.15938pt>
File: GoodLifetimeFit.png Graphic file (type png)

<use GoodLifetimeFit.png>
Package pdftex.def Info: GoodLifetimeFit.png used on input line 780.
(pdftex.def)             Requested size: 184.9429pt x 142.8184pt.

<BadLifetimeFit.png, id=734, 575.14874pt x 444.15938pt>
File: BadLifetimeFit.png Graphic file (type png)

<use BadLifetimeFit.png>
Package pdftex.def Info: BadLifetimeFit.png used on input line 782.
(pdftex.def)             Requested size: 184.9429pt x 142.8184pt.

<LUX_eLifetime_Kr2p20.png, id=735, 725.71124pt x 437.38406pt>
File: LUX_eLifetime_Kr2p20.png Graphic file (type png)

<use LUX_eLifetime_Kr2p20.png>
Package pdftex.def Info: LUX_eLifetime_Kr2p20.png used on input line 789.
(pdftex.def)             Requested size: 399.14241pt x 240.56197pt.


Package caption Warning: The option `hypcap=true' will be ignored for this
(caption)                particular \caption on input line 790.
See the caption package documentation for explanation.

[60] [61 <C:/Users/Richard/Desktop/KrypCal 2p20 Write Up/GoodLifetimeFit.png (P
NG copy)> <C:/Users/Richard/Desktop/KrypCal 2p20 Write Up/BadLifetimeFit.png (P
NG copy)> <C:/Users/Richard/Desktop/KrypCal 2p20 Write Up/LUX_eLifetime_Kr2p20.
png (PNG copy)>] <SESizeExample.png, id=750, 495.35063pt x 380.92313pt>
File: SESizeExample.png Graphic file (type png)

<use SESizeExample.png>
Package pdftex.def Info: SESizeExample.png used on input line 802.
(pdftex.def)             Requested size: 247.67471pt x 190.46109pt.


Package caption Warning: The option `hypcap=true' will be ignored for this
(caption)                particular \caption on input line 803.
See the caption package documentation for explanation.

[62] <SEXYSizeExample.png, id=757, 496.10344pt x 379.4175pt>
File: SEXYSizeExample.png Graphic file (type png)

<use SEXYSizeExample.png>
Package pdftex.def Info: SEXYSizeExample.png used on input line 808.
(pdftex.def)             Requested size: 248.0511pt x 189.70828pt.


Package caption Warning: The option `hypcap=true' will be ignored for this
(caption)                particular \caption on input line 809.
See the caption package documentation for explanation.

[63 <C:/Users/Richard/Desktop/KrypCal 2p20 Write Up/SESizeExample.png (PNG copy
)> <C:/Users/Richard/Desktop/KrypCal 2p20 Write Up/SEXYSizeExample.png (PNG cop
y)>] <S1aS1bToField_Overlay.png, id=764, 423.83344pt x 298.11375pt>
File: S1aS1bToField_Overlay.png Graphic file (type png)

<use S1aS1bToField_Overlay.png>
Package pdftex.def Info: S1aS1bToField_Overlay.png used on input line 818.
(pdftex.def)             Requested size: 254.302pt x 178.86963pt.


Package caption Warning: The option `hypcap=true' will be ignored for this
(caption)                particular \caption on input line 819.
See the caption package documentation for explanation.

[64 <C:/Users/Richard/Desktop/KrypCal 2p20 Write Up/S1aS1bToField_Overlay.png (
PNG copy)>] <KrypCalFieldMap.png, id=770, 421.575pt x 311.66437pt>
File: KrypCalFieldMap.png Graphic file (type png)

<use KrypCalFieldMap.png>
Package pdftex.def Info: KrypCalFieldMap.png used on input line 827.
(pdftex.def)             Requested size: 184.9429pt x 136.72852pt.

<KrypCalFieldMapError.png, id=771, 422.32782pt x 311.66437pt>
File: KrypCalFieldMapError.png Graphic file (type png)

<use KrypCalFieldMapError.png>
Package pdftex.def Info: KrypCalFieldMapError.png used on input line 829.
(pdftex.def)             Requested size: 184.9429pt x 136.48598pt.
 [65 <C:/Users/Richard/Desktop/KrypCal 2p20 Write Up/KrypCalFieldMap.png (PNG c
opy)> <C:/Users/Richard/Desktop/KrypCal 2p20 Write Up/KrypCalFieldMapError.png 
(PNG copy)>]
<GuschinEE.png, id=783, 835.62187pt x 497.60907pt>
File: GuschinEE.png Graphic file (type png)
 <use GuschinEE.png>
Package pdftex.def Info: GuschinEE.png used on input line 846.
(pdftex.def)             Requested size: 417.8099pt x 248.80392pt.


Package caption Warning: The option `hypcap=true' will be ignored for this
(caption)                particular \caption on input line 847.
See the caption package documentation for explanation.

[66 <C:/Users/Richard/Desktop/KrypCal 2p20 Write Up/GuschinEE.png>]
<KrypCal_2p18_KrEnergy.png, id=793, 422.32782pt x 316.18124pt>
File: KrypCal_2p18_KrEnergy.png Graphic file (type png)

<use KrypCal_2p18_KrEnergy.png>
Package pdftex.def Info: KrypCal_2p18_KrEnergy.png used on input line 856.
(pdftex.def)             Requested size: 211.16339pt x 158.09023pt.


Package caption Warning: The option `hypcap=true' will be ignored for this
(caption)                particular \caption on input line 857.
See the caption package documentation for explanation.

<KrypCal_2p18_AllCH3TEnergy.png, id=795, 694.84593pt x 581.92406pt>
File: KrypCal_2p18_AllCH3TEnergy.png Graphic file (type png)

<use KrypCal_2p18_AllCH3TEnergy.png>
Package pdftex.def Info: KrypCal_2p18_AllCH3TEnergy.png used on input line 865.

(pdftex.def)             Requested size: 347.4221pt x 290.96132pt.


Package caption Warning: The option `hypcap=true' will be ignored for this
(caption)                particular \caption on input line 866.
See the caption package documentation for explanation.

[67 <C:/Users/Richard/Desktop/KrypCal 2p20 Write Up/KrypCal_2p18_KrEnergy.png (
PNG copy)>] <KrypCal_2p18_Threshold.png, id=803, 524.71031pt x 474.27188pt>
File: KrypCal_2p18_Threshold.png Graphic file (type png)

<use KrypCal_2p18_Threshold.png>
Package pdftex.def Info: KrypCal_2p18_Threshold.png used on input line 873.
(pdftex.def)             Requested size: 262.3545pt x 237.13536pt.


Package caption Warning: The option `hypcap=true' will be ignored for this
(caption)                particular \caption on input line 874.
See the caption package documentation for explanation.

[68 <C:/Users/Richard/Desktop/KrypCal 2p20 Write Up/KrypCal_2p18_AllCH3TEnergy.
png>] <KrypCal_2p18_DDPeaks.png, id=813, 456.20438pt x 339.51843pt>
File: KrypCal_2p18_DDPeaks.png Graphic file (type png)

<use KrypCal_2p18_DDPeaks.png>
Package pdftex.def Info: KrypCal_2p18_DDPeaks.png used on input line 882.
(pdftex.def)             Requested size: 319.34087pt x 237.66127pt.


Package caption Warning: The option `hypcap=true' will be ignored for this
(caption)                particular \caption on input line 883.
See the caption package documentation for explanation.

[69 <C:/Users/Richard/Desktop/KrypCal 2p20 Write Up/KrypCal_2p18_Threshold.png>
] <KrypCal_2p18_NRBand.png, id=820, 398.23781pt x 344.03531pt>
File: KrypCal_2p18_NRBand.png Graphic file (type png)

<use KrypCal_2p18_NRBand.png>
Package pdftex.def Info: KrypCal_2p18_NRBand.png used on input line 894.
(pdftex.def)             Requested size: 278.76456pt x 240.82307pt.


Package caption Warning: The option `hypcap=true' will be ignored for this
(caption)                particular \caption on input line 895.
See the caption package documentation for explanation.

[70 <C:/Users/Richard/Desktop/KrypCal 2p20 Write Up/KrypCal_2p18_DDPeaks.png (P
NG copy)>]
<Sep2015_VoxelizedBands_WithUpperLower.png, id=828, 525.46312pt x 422.32782pt>
File: Sep2015_VoxelizedBands_WithUpperLower.png Graphic file (type png)

<use Sep2015_VoxelizedBands_WithUpperLower.png>
Package pdftex.def Info: Sep2015_VoxelizedBands_WithUpperLower.png used on inpu
t line 905.
(pdftex.def)             Requested size: 184.9429pt x 148.6418pt.

<OverlayOfAllERBands.png, id=829, 526.96875pt x 404.26031pt>
File: OverlayOfAllERBands.png Graphic file (type png)

<use OverlayOfAllERBands.png>
Package pdftex.def Info: OverlayOfAllERBands.png used on input line 907.
(pdftex.def)             Requested size: 184.9429pt x 141.87567pt.
 [71 <C:/Users/Richard/Desktop/KrypCal 2p20 Write Up/KrypCal_2p18_NRBand.png>]
<PowerLawExponent_S1aS1b.png, id=836, 421.575pt x 316.18124pt>
File: PowerLawExponent_S1aS1b.png Graphic file (type png)

<use PowerLawExponent_S1aS1b.png>
Package pdftex.def Info: PowerLawExponent_S1aS1b.png used on input line 916.
(pdftex.def)             Requested size: 184.9429pt x 138.71008pt.

<PowerLawCoefficient_S1aS1b.png, id=837, 421.575pt x 316.18124pt>
File: PowerLawCoefficient_S1aS1b.png Graphic file (type png)

<use PowerLawCoefficient_S1aS1b.png>
Package pdftex.def Info: PowerLawCoefficient_S1aS1b.png used on input line 918.

(pdftex.def)             Requested size: 184.9429pt x 138.71008pt.
 [72 <C:/Users/Richard/Desktop/KrypCal 2p20 Write Up/Sep2015_VoxelizedBands_Wit
hUpperLower.png (PNG copy)> <C:/Users/Richard/Desktop/KrypCal 2p20 Write Up/Ove
rlayOfAllERBands.png (PNG copy)>]
<PowerLawExponent.png, id=846, 421.575pt x 316.18124pt>
File: PowerLawExponent.png Graphic file (type png)

<use PowerLawExponent.png>
Package pdftex.def Info: PowerLawExponent.png used on input line 928.
(pdftex.def)             Requested size: 184.9429pt x 138.71008pt.

<PowerLawCoefficient.png, id=847, 421.575pt x 316.18124pt>
File: PowerLawCoefficient.png Graphic file (type png)

<use PowerLawCoefficient.png>
Package pdftex.def Info: PowerLawCoefficient.png used on input line 930.
(pdftex.def)             Requested size: 184.9429pt x 138.71008pt.
 [73 <C:/Users/Richard/Desktop/KrypCal 2p20 Write Up/PowerLawExponent_S1aS1b.pn
g (PNG copy)> <C:/Users/Richard/Desktop/KrypCal 2p20 Write Up/PowerLawCoefficie
nt_S1aS1b.png (PNG copy)>]
<Sep2015_ERBandMean_S1Bin_Example.png, id=858, 421.575pt x 316.18124pt>
File: Sep2015_ERBandMean_S1Bin_Example.png Graphic file (type png)

<use Sep2015_ERBandMean_S1Bin_Example.png>
Package pdftex.def Info: Sep2015_ERBandMean_S1Bin_Example.png used on input lin
e 938.
(pdftex.def)             Requested size: 295.10048pt x 221.32535pt.


Package caption Warning: The option `hypcap=true' will be ignored for this
(caption)                particular \caption on input line 939.
See the caption package documentation for explanation.

[74 <C:/Users/Richard/Desktop/KrypCal 2p20 Write Up/PowerLawExponent.png (PNG c
opy)> <C:/Users/Richard/Desktop/KrypCal 2p20 Write Up/PowerLawCoefficient.png (
PNG copy)> <C:/Users/Richard/Desktop/KrypCal 2p20 Write Up/Sep2015_ERBandMean_S
1Bin_Example.png (PNG copy)>]
<CombinedERBand.png, id=866, 421.575pt x 311.66437pt>
File: CombinedERBand.png Graphic file (type png)
 <use CombinedERBand.png>
Package pdftex.def Info: CombinedERBand.png used on input line 948.
(pdftex.def)             Requested size: 295.10048pt x 218.16356pt.


Package caption Warning: The option `hypcap=true' will be ignored for this
(caption)                particular \caption on input line 949.
See the caption package documentation for explanation.

[75 <C:/Users/Richard/Desktop/KrypCal 2p20 Write Up/CombinedERBand.png (PNG cop
y)>] [76]

Package hyperref Warning: Token not allowed in a PDF string (PDFDocEncoding):
(hyperref)                removing `math shift' on input line 960.


Package hyperref Warning: Token not allowed in a PDF string (PDFDocEncoding):
(hyperref)                removing `superscript' on input line 960.


Package hyperref Warning: Token not allowed in a PDF string (PDFDocEncoding):
(hyperref)                removing `math shift' on input line 960.

<Kr83Decay.png, id=878, 896.59969pt x 667.74469pt>
File: Kr83Decay.png Graphic file (type png)
 <use Kr83Decay.png>
Package pdftex.def Info: Kr83Decay.png used on input line 964.
(pdftex.def)             Requested size: 358.63351pt x 267.09314pt.


Package caption Warning: The option `hypcap=true' will be ignored for this
(caption)                particular \caption on input line 965.
See the caption package documentation for explanation.

[77 <C:/Users/Richard/Desktop/KrypCal 2p20 Write Up/Kr83Decay.png>]
LaTeX Font Info:    Try loading font information for T1+cmtt on input line 974.


("C:\Program Files (x86)\MiKTeX 2.9\tex\latex\base\t1cmtt.fd"
File: t1cmtt.fd 1999/05/25 v2.5h Standard LaTeX font definitions
)
Underfull \hbox (badness 1902) in paragraph at lines 980--981
[]\T1/cmr/m/n/12 Lucie Tvrnikova. Run04 3D Elec-tric Field Fits. []$\T1/cmtt/m/
n/12 http : / / teacher . pas .$
 []


Underfull \hbox (badness 1132) in paragraph at lines 982--983
[]\T1/cmr/m/n/12 Tomasz Biesi-adzin-ski. Evo-lu-tion of the Ob-served De-tec-to
r Wall. []$\T1/cmtt/m/n/12 http :$
 []


Underfull \hbox (badness 10000) in paragraph at lines 982--983
$\T1/cmtt/m/n/12 / / teacher . pas . rochester . edu : 8080 / wiki / pub / Lux 
/ LuxDB00000406 / TB _$
 []


Underfull \hbox (badness 10000) in paragraph at lines 984--985
[]\T1/cmr/m/n/12 Scott Stephen-son. Po-si-tion Cor-rec-tions. []$\T1/cmtt/m/n/1
2 http : / / teacher . pas .$
 []


Underfull \hbox (badness 10000) in paragraph at lines 984--985
$\T1/cmtt/m/n/12 rochester . edu : 8080 / wiki / pub / Lux / AnalysisMeeting150
818 / 20150818 _$
 []


Underfull \hbox (badness 1968) in paragraph at lines 988--989
[]\T1/cmr/m/n/12 Kastens, et al. Cal-i-bra-tion of a Liq-uid Xenon De-tec-tor w
ith $[]$Kr$[]$.
 []

Package atveryend Info: Empty hook `BeforeClearDocument' on input line 994.
[78]
Package atveryend Info: Empty hook `AfterLastShipout' on input line 994.

("C:\Users\Richard\Desktop\KrypCal 2p20 Write Up\KrypCal Overview Rewrite.aux")
Package atveryend Info: Executing hook `AtVeryEndDocument' on input line 994.
Package atveryend Info: Executing hook `AtEndAfterFileList' on input line 994.
Package rerunfilecheck Info: File `KrypCal*Overview*Rewrite.out' has not change
d.
(rerunfilecheck)             Checksum: <no file>.

LaTeX Warning: There were multiply-defined labels.

Package atveryend Info: Empty hook `AtVeryVeryEnd' on input line 994.
 ) 
Here is how much of TeX's memory you used:
 10674 strings out of 494045
 162025 string characters out of 3145963
 280066 words of memory out of 3000000
 13460 multiletter control sequences out of 15000+200000
 16194 words of font info for 60 fonts, out of 3000000 for 9000
 715 hyphenation exceptions out of 8191
 37i,11n,45p,3147b,477s stack positions out of 5000i,500n,10000p,200000b,50000s
 <C:\Users\Richard\AppData\Local\MiKTeX\2.9\fonts\pk\ljfour\jknappen\ec\dpi60
0\ectt1200.pk> <C:\Users\Richard\AppData\Local\MiKTeX\2.9\fonts\pk\ljfour\jknap
pen\ec\dpi600\ecrm1200.pk> <C:\Users\Richard\AppData\Local\MiKTeX\2.9\fonts\pk\
ljfour\jknappen\ec\dpi600\ecbx1200.pk> <C:\Users\Richard\AppData\Local\MiKTeX\2
.9\fonts\pk\ljfour\jknappen\ec\dpi600\ecrm1440.pk> <C:\Users\Richard\AppData\Lo
cal\MiKTeX\2.9\fonts\pk\ljfour\jknappen\ec\dpi600\ecrm2074.pk><C:/Program Files
 (x86)/MiKTeX 2.9/fonts/type1/public/amsfonts/cm/cmex10.pfb><C:/Program Files (
x86)/MiKTeX 2.9/fonts/type1/public/amsfonts/cm/cmmi12.pfb><C:/Program Files (x8
6)/MiKTeX 2.9/fonts/type1/public/amsfonts/cm/cmmi6.pfb><C:/Program Files (x86)/
MiKTeX 2.9/fonts/type1/public/amsfonts/cm/cmmi8.pfb><C:/Program Files (x86)/MiK
TeX 2.9/fonts/type1/public/amsfonts/cm/cmr12.pfb><C:/Program Files (x86)/MiKTeX
 2.9/fonts/type1/public/amsfonts/cm/cmr8.pfb><C:/Program Files (x86)/MiKTeX 2.9
/fonts/type1/public/amsfonts/cm/cmsy10.pfb><C:/Program Files (x86)/MiKTeX 2.9/f
onts/type1/public/amsfonts/cm/cmsy8.pfb>
Output written on "KrypCal Overview Rewrite.pdf" (78 pages, 2876017 bytes).
PDF statistics:
 1232 PDF objects out of 1440 (max. 8388607)
 263 named destinations out of 1000 (max. 500000)
 652 words of extra memory for PDF output out of 10000 (max. 10000000)

