This is pdfTeX, Version 3.1415926-2.3-1.40.12 (MiKTeX 2.9) (preloaded format=pdflatex 2012.12.5)  19 APR 2016 16:32
entering extended mode
**KrypCal*Overview.tex
("C:\Users\Richard\Desktop\KrypCal 2p22 Write Up\KrypCal Overview.tex"
LaTeX2e <2011/06/27>
Babel <v3.8m> and hyphenation patterns for english, afrikaans, ancientgreek, ar
abic, armenian, assamese, basque, bengali, bokmal, bulgarian, catalan, coptic, 
croatian, czech, danish, dutch, esperanto, estonian, farsi, finnish, french, ga
lician, german, german-x-2009-06-19, greek, gujarati, hindi, hungarian, iceland
ic, indonesian, interlingua, irish, italian, kannada, kurmanji, lao, latin, lat
vian, lithuanian, malayalam, marathi, mongolian, mongolianlmc, monogreek, ngerm
an, ngerman-x-2009-06-19, nynorsk, oriya, panjabi, pinyin, polish, portuguese, 
romanian, russian, sanskrit, serbian, slovak, slovenian, spanish, swedish, swis
sgerman, tamil, telugu, turkish, turkmen, ukenglish, ukrainian, uppersorbian, u
senglishmax, welsh, loaded.
("C:\Program Files (x86)\MiKTeX 2.9\tex\latex\base\article.cls"
Document Class: article 2007/10/19 v1.4h Standard LaTeX document class
("C:\Program Files (x86)\MiKTeX 2.9\tex\latex\base\size12.clo"
File: size12.clo 2007/10/19 v1.4h Standard LaTeX file (size option)
)
\c@part=\count79
\c@section=\count80
\c@subsection=\count81
\c@subsubsection=\count82
\c@paragraph=\count83
\c@subparagraph=\count84
\c@figure=\count85
\c@table=\count86
\abovecaptionskip=\skip41
\belowcaptionskip=\skip42
\bibindent=\dimen102
)
("C:\Program Files (x86)\MiKTeX 2.9\tex\latex\hyperref\hyperref.sty"
Package: hyperref 2012/05/13 v6.82q Hypertext links for LaTeX

("C:\Program Files (x86)\MiKTeX 2.9\tex\generic\oberdiek\hobsub-hyperref.sty"
Package: hobsub-hyperref 2012/04/25 v1.12 Bundle oberdiek, subset hyperref (HO)


("C:\Program Files (x86)\MiKTeX 2.9\tex\generic\oberdiek\hobsub-generic.sty"
Package: hobsub-generic 2012/04/25 v1.12 Bundle oberdiek, subset generic (HO)
Package: hobsub 2012/04/25 v1.12 Construct package bundles (HO)
Package: infwarerr 2010/04/08 v1.3 Providing info/warning/error messages (HO)
Package: ltxcmds 2011/11/09 v1.22 LaTeX kernel commands for general use (HO)
Package: ifluatex 2010/03/01 v1.3 Provides the ifluatex switch (HO)
Package ifluatex Info: LuaTeX not detected.
Package: ifvtex 2010/03/01 v1.5 Detect VTeX and its facilities (HO)
Package ifvtex Info: VTeX not detected.
Package: intcalc 2007/09/27 v1.1 Expandable calculations with integers (HO)
Package: ifpdf 2011/01/30 v2.3 Provides the ifpdf switch (HO)
Package ifpdf Info: pdfTeX in PDF mode is detected.
Package: etexcmds 2011/02/16 v1.5 Avoid name clashes with e-TeX commands (HO)
Package etexcmds Info: Could not find \expanded.
(etexcmds)             That can mean that you are not using pdfTeX 1.50 or
(etexcmds)             that some package has redefined \expanded.
(etexcmds)             In the latter case, load this package earlier.
Package: kvsetkeys 2012/04/25 v1.16 Key value parser (HO)
Package: kvdefinekeys 2011/04/07 v1.3 Define keys (HO)
Package: pdftexcmds 2011/11/29 v0.20 Utility functions of pdfTeX for LuaTeX (HO
)
Package pdftexcmds Info: LuaTeX not detected.
Package pdftexcmds Info: \pdf@primitive is available.
Package pdftexcmds Info: \pdf@ifprimitive is available.
Package pdftexcmds Info: \pdfdraftmode found.
Package: pdfescape 2011/11/25 v1.13 Implements pdfTeX's escape features (HO)
Package: bigintcalc 2012/04/08 v1.3 Expandable calculations on big integers (HO
)
Package: bitset 2011/01/30 v1.1 Handle bit-vector datatype (HO)
Package: uniquecounter 2011/01/30 v1.2 Provide unlimited unique counter (HO)
)
Package hobsub Info: Skipping package `hobsub' (already loaded).
Package: letltxmacro 2010/09/02 v1.4 Let assignment for LaTeX macros (HO)
Package: hopatch 2011/06/24 v1.1 Wrapper for package hooks (HO)
Package: xcolor-patch 2011/01/30 xcolor patch
Package: atveryend 2011/06/30 v1.8 Hooks at the very end of document (HO)
Package atveryend Info: \enddocument detected (standard20110627).
Package: atbegshi 2011/10/05 v1.16 At begin shipout hook (HO)
Package: refcount 2011/10/16 v3.4 Data extraction from label references (HO)
Package: hycolor 2011/01/30 v1.7 Color options for hyperref/bookmark (HO)
)
("C:\Program Files (x86)\MiKTeX 2.9\tex\latex\graphics\keyval.sty"
Package: keyval 1999/03/16 v1.13 key=value parser (DPC)
\KV@toks@=\toks14
)
("C:\Program Files (x86)\MiKTeX 2.9\tex\generic\ifxetex\ifxetex.sty"
Package: ifxetex 2010/09/12 v0.6 Provides ifxetex conditional
)
("C:\Program Files (x86)\MiKTeX 2.9\tex\latex\oberdiek\kvoptions.sty"
Package: kvoptions 2011/06/30 v3.11 Key value format for package options (HO)
)
\@linkdim=\dimen103
\Hy@linkcounter=\count87
\Hy@pagecounter=\count88

("C:\Program Files (x86)\MiKTeX 2.9\tex\latex\hyperref\pd1enc.def"
File: pd1enc.def 2012/05/13 v6.82q Hyperref: PDFDocEncoding definition (HO)
)
\Hy@SavedSpaceFactor=\count89

("C:\Program Files (x86)\MiKTeX 2.9\tex\latex\00miktex\hyperref.cfg"
File: hyperref.cfg 2002/06/06 v1.2 hyperref configuration of TeXLive
)
Package hyperref Info: Hyper figures OFF on input line 4062.
Package hyperref Info: Link nesting OFF on input line 4067.
Package hyperref Info: Hyper index ON on input line 4070.
Package hyperref Info: Plain pages OFF on input line 4077.
Package hyperref Info: Backreferencing OFF on input line 4082.
Package hyperref Info: Implicit mode ON; LaTeX internals redefined.
Package hyperref Info: Bookmarks ON on input line 4300.
\c@Hy@tempcnt=\count90

("C:\Program Files (x86)\MiKTeX 2.9\tex\latex\ltxmisc\url.sty"
\Urlmuskip=\muskip10
Package: url 2006/04/12  ver 3.3  Verb mode for urls, etc.
)
LaTeX Info: Redefining \url on input line 4653.
\Fld@menulength=\count91
\Field@Width=\dimen104
\Fld@charsize=\dimen105
Package hyperref Info: Hyper figures OFF on input line 5773.
Package hyperref Info: Link nesting OFF on input line 5778.
Package hyperref Info: Hyper index ON on input line 5781.
Package hyperref Info: backreferencing OFF on input line 5788.
Package hyperref Info: Link coloring OFF on input line 5793.
Package hyperref Info: Link coloring with OCG OFF on input line 5798.
Package hyperref Info: PDF/A mode OFF on input line 5803.
LaTeX Info: Redefining \ref on input line 5843.
LaTeX Info: Redefining \pageref on input line 5847.
\Hy@abspage=\count92
\c@Item=\count93
\c@Hfootnote=\count94
)

Package hyperref Message: Driver (autodetected): hpdftex.

("C:\Program Files (x86)\MiKTeX 2.9\tex\latex\hyperref\hpdftex.def"
File: hpdftex.def 2012/05/13 v6.82q Hyperref driver for pdfTeX
\Fld@listcount=\count95
\c@bookmark@seq@number=\count96

("C:\Program Files (x86)\MiKTeX 2.9\tex\latex\oberdiek\rerunfilecheck.sty"
Package: rerunfilecheck 2011/04/15 v1.7 Rerun checks for auxiliary files (HO)
Package uniquecounter Info: New unique counter `rerunfilecheck' on input line 2
82.
)
\Hy@SectionHShift=\skip43
)
("C:\Program Files (x86)\MiKTeX 2.9\tex\latex\tools\verbatim.sty"
Package: verbatim 2003/08/22 v1.5q LaTeX2e package for verbatim enhancements
\every@verbatim=\toks15
\verbatim@line=\toks16
\verbatim@in@stream=\read1
)
("C:\Program Files (x86)\MiKTeX 2.9\tex\latex\mh\mathtools.sty"
Package: mathtools 2013/02/12 v1.13 mathematical typesetting tools

("C:\Program Files (x86)\MiKTeX 2.9\tex\latex\tools\calc.sty"
Package: calc 2007/08/22 v4.3 Infix arithmetic (KKT,FJ)
\calc@Acount=\count97
\calc@Bcount=\count98
\calc@Adimen=\dimen106
\calc@Bdimen=\dimen107
\calc@Askip=\skip44
\calc@Bskip=\skip45
LaTeX Info: Redefining \setlength on input line 76.
LaTeX Info: Redefining \addtolength on input line 77.
\calc@Ccount=\count99
\calc@Cskip=\skip46
)
("C:\Program Files (x86)\MiKTeX 2.9\tex\latex\mh\mhsetup.sty"
Package: mhsetup 2010/01/21 v1.2a programming setup (MH)
)
("C:\Program Files (x86)\MiKTeX 2.9\tex\latex\ams\math\amsmath.sty"
Package: amsmath 2000/07/18 v2.13 AMS math features
\@mathmargin=\skip47

For additional information on amsmath, use the `?' option.
("C:\Program Files (x86)\MiKTeX 2.9\tex\latex\ams\math\amstext.sty"
Package: amstext 2000/06/29 v2.01

("C:\Program Files (x86)\MiKTeX 2.9\tex\latex\ams\math\amsgen.sty"
File: amsgen.sty 1999/11/30 v2.0
\@emptytoks=\toks17
\ex@=\dimen108
))
("C:\Program Files (x86)\MiKTeX 2.9\tex\latex\ams\math\amsbsy.sty"
Package: amsbsy 1999/11/29 v1.2d
\pmbraise@=\dimen109
)
("C:\Program Files (x86)\MiKTeX 2.9\tex\latex\ams\math\amsopn.sty"
Package: amsopn 1999/12/14 v2.01 operator names
)
\inf@bad=\count100
LaTeX Info: Redefining \frac on input line 211.
\uproot@=\count101
\leftroot@=\count102
LaTeX Info: Redefining \overline on input line 307.
\classnum@=\count103
\DOTSCASE@=\count104
LaTeX Info: Redefining \ldots on input line 379.
LaTeX Info: Redefining \dots on input line 382.
LaTeX Info: Redefining \cdots on input line 467.
\Mathstrutbox@=\box26
\strutbox@=\box27
\big@size=\dimen110
LaTeX Font Info:    Redeclaring font encoding OML on input line 567.
LaTeX Font Info:    Redeclaring font encoding OMS on input line 568.
\macc@depth=\count105
\c@MaxMatrixCols=\count106
\dotsspace@=\muskip11
\c@parentequation=\count107
\dspbrk@lvl=\count108
\tag@help=\toks18
\row@=\count109
\column@=\count110
\maxfields@=\count111
\andhelp@=\toks19
\eqnshift@=\dimen111
\alignsep@=\dimen112
\tagshift@=\dimen113
\tagwidth@=\dimen114
\totwidth@=\dimen115
\lineht@=\dimen116
\@envbody=\toks20
\multlinegap=\skip48
\multlinetaggap=\skip49
\mathdisplay@stack=\toks21
LaTeX Info: Redefining \[ on input line 2666.
LaTeX Info: Redefining \] on input line 2667.
)
LaTeX Info: Thecontrolsequence`\['isalreadyrobust on input line 129.
LaTeX Info: Thecontrolsequence`\]'isalreadyrobust on input line 129.
\g_MT_multlinerow_int=\count112
\l_MT_multwidth_dim=\dimen117
\origjot=\skip50
\l_MT_shortvdotswithinadjustabove_dim=\dimen118
\l_MT_shortvdotswithinadjustbelow_dim=\dimen119
\l_MT_above_intertext_sep=\dimen120
\l_MT_below_intertext_sep=\dimen121
\l_MT_above_shortintertext_sep=\dimen122
\l_MT_below_shortintertext_sep=\dimen123
)
("C:\Program Files (x86)\MiKTeX 2.9\tex\latex\ltxmisc\relsize.sty"
Package: relsize 2003/07/04 ver 3.1
)
("C:\Program Files (x86)\MiKTeX 2.9\tex\latex\base\fontenc.sty"
Package: fontenc 2005/09/27 v1.99g Standard LaTeX package

("C:\Program Files (x86)\MiKTeX 2.9\tex\latex\base\t1enc.def"
File: t1enc.def 2005/09/27 v1.99g Standard LaTeX file
LaTeX Font Info:    Redeclaring font encoding T1 on input line 43.
))
("C:\Program Files (x86)\MiKTeX 2.9\tex\latex\base\inputenc.sty"
Package: inputenc 2008/03/30 v1.1d Input encoding file
\inpenc@prehook=\toks22
\inpenc@posthook=\toks23

("C:\Program Files (x86)\MiKTeX 2.9\tex\latex\base\utf8.def"
File: utf8.def 2008/04/05 v1.1m UTF-8 support for inputenc
Now handling font encoding OML ...
... no UTF-8 mapping file for font encoding OML
Now handling font encoding T1 ...
... processing UTF-8 mapping file for font encoding T1

("C:\Program Files (x86)\MiKTeX 2.9\tex\latex\base\t1enc.dfu"
File: t1enc.dfu 2008/04/05 v1.1m UTF-8 support for inputenc
   defining Unicode char U+00A1 (decimal 161)
   defining Unicode char U+00A3 (decimal 163)
   defining Unicode char U+00AB (decimal 171)
   defining Unicode char U+00BB (decimal 187)
   defining Unicode char U+00BF (decimal 191)
   defining Unicode char U+00C0 (decimal 192)
   defining Unicode char U+00C1 (decimal 193)
   defining Unicode char U+00C2 (decimal 194)
   defining Unicode char U+00C3 (decimal 195)
   defining Unicode char U+00C4 (decimal 196)
   defining Unicode char U+00C5 (decimal 197)
   defining Unicode char U+00C6 (decimal 198)
   defining Unicode char U+00C7 (decimal 199)
   defining Unicode char U+00C8 (decimal 200)
   defining Unicode char U+00C9 (decimal 201)
   defining Unicode char U+00CA (decimal 202)
   defining Unicode char U+00CB (decimal 203)
   defining Unicode char U+00CC (decimal 204)
   defining Unicode char U+00CD (decimal 205)
   defining Unicode char U+00CE (decimal 206)
   defining Unicode char U+00CF (decimal 207)
   defining Unicode char U+00D0 (decimal 208)
   defining Unicode char U+00D1 (decimal 209)
   defining Unicode char U+00D2 (decimal 210)
   defining Unicode char U+00D3 (decimal 211)
   defining Unicode char U+00D4 (decimal 212)
   defining Unicode char U+00D5 (decimal 213)
   defining Unicode char U+00D6 (decimal 214)
   defining Unicode char U+00D8 (decimal 216)
   defining Unicode char U+00D9 (decimal 217)
   defining Unicode char U+00DA (decimal 218)
   defining Unicode char U+00DB (decimal 219)
   defining Unicode char U+00DC (decimal 220)
   defining Unicode char U+00DD (decimal 221)
   defining Unicode char U+00DE (decimal 222)
   defining Unicode char U+00DF (decimal 223)
   defining Unicode char U+00E0 (decimal 224)
   defining Unicode char U+00E1 (decimal 225)
   defining Unicode char U+00E2 (decimal 226)
   defining Unicode char U+00E3 (decimal 227)
   defining Unicode char U+00E4 (decimal 228)
   defining Unicode char U+00E5 (decimal 229)
   defining Unicode char U+00E6 (decimal 230)
   defining Unicode char U+00E7 (decimal 231)
   defining Unicode char U+00E8 (decimal 232)
   defining Unicode char U+00E9 (decimal 233)
   defining Unicode char U+00EA (decimal 234)
   defining Unicode char U+00EB (decimal 235)
   defining Unicode char U+00EC (decimal 236)
   defining Unicode char U+00ED (decimal 237)
   defining Unicode char U+00EE (decimal 238)
   defining Unicode char U+00EF (decimal 239)
   defining Unicode char U+00F0 (decimal 240)
   defining Unicode char U+00F1 (decimal 241)
   defining Unicode char U+00F2 (decimal 242)
   defining Unicode char U+00F3 (decimal 243)
   defining Unicode char U+00F4 (decimal 244)
   defining Unicode char U+00F5 (decimal 245)
   defining Unicode char U+00F6 (decimal 246)
   defining Unicode char U+00F8 (decimal 248)
   defining Unicode char U+00F9 (decimal 249)
   defining Unicode char U+00FA (decimal 250)
   defining Unicode char U+00FB (decimal 251)
   defining Unicode char U+00FC (decimal 252)
   defining Unicode char U+00FD (decimal 253)
   defining Unicode char U+00FE (decimal 254)
   defining Unicode char U+00FF (decimal 255)
   defining Unicode char U+0102 (decimal 258)
   defining Unicode char U+0103 (decimal 259)
   defining Unicode char U+0104 (decimal 260)
   defining Unicode char U+0105 (decimal 261)
   defining Unicode char U+0106 (decimal 262)
   defining Unicode char U+0107 (decimal 263)
   defining Unicode char U+010C (decimal 268)
   defining Unicode char U+010D (decimal 269)
   defining Unicode char U+010E (decimal 270)
   defining Unicode char U+010F (decimal 271)
   defining Unicode char U+0110 (decimal 272)
   defining Unicode char U+0111 (decimal 273)
   defining Unicode char U+0118 (decimal 280)
   defining Unicode char U+0119 (decimal 281)
   defining Unicode char U+011A (decimal 282)
   defining Unicode char U+011B (decimal 283)
   defining Unicode char U+011E (decimal 286)
   defining Unicode char U+011F (decimal 287)
   defining Unicode char U+0130 (decimal 304)
   defining Unicode char U+0131 (decimal 305)
   defining Unicode char U+0132 (decimal 306)
   defining Unicode char U+0133 (decimal 307)
   defining Unicode char U+0139 (decimal 313)
   defining Unicode char U+013A (decimal 314)
   defining Unicode char U+013D (decimal 317)
   defining Unicode char U+013E (decimal 318)
   defining Unicode char U+0141 (decimal 321)
   defining Unicode char U+0142 (decimal 322)
   defining Unicode char U+0143 (decimal 323)
   defining Unicode char U+0144 (decimal 324)
   defining Unicode char U+0147 (decimal 327)
   defining Unicode char U+0148 (decimal 328)
   defining Unicode char U+014A (decimal 330)
   defining Unicode char U+014B (decimal 331)
   defining Unicode char U+0150 (decimal 336)
   defining Unicode char U+0151 (decimal 337)
   defining Unicode char U+0152 (decimal 338)
   defining Unicode char U+0153 (decimal 339)
   defining Unicode char U+0154 (decimal 340)
   defining Unicode char U+0155 (decimal 341)
   defining Unicode char U+0158 (decimal 344)
   defining Unicode char U+0159 (decimal 345)
   defining Unicode char U+015A (decimal 346)
   defining Unicode char U+015B (decimal 347)
   defining Unicode char U+015E (decimal 350)
   defining Unicode char U+015F (decimal 351)
   defining Unicode char U+0160 (decimal 352)
   defining Unicode char U+0161 (decimal 353)
   defining Unicode char U+0162 (decimal 354)
   defining Unicode char U+0163 (decimal 355)
   defining Unicode char U+0164 (decimal 356)
   defining Unicode char U+0165 (decimal 357)
   defining Unicode char U+016E (decimal 366)
   defining Unicode char U+016F (decimal 367)
   defining Unicode char U+0170 (decimal 368)
   defining Unicode char U+0171 (decimal 369)
   defining Unicode char U+0178 (decimal 376)
   defining Unicode char U+0179 (decimal 377)
   defining Unicode char U+017A (decimal 378)
   defining Unicode char U+017B (decimal 379)
   defining Unicode char U+017C (decimal 380)
   defining Unicode char U+017D (decimal 381)
   defining Unicode char U+017E (decimal 382)
   defining Unicode char U+200C (decimal 8204)
   defining Unicode char U+2013 (decimal 8211)
   defining Unicode char U+2014 (decimal 8212)
   defining Unicode char U+2018 (decimal 8216)
   defining Unicode char U+2019 (decimal 8217)
   defining Unicode char U+201A (decimal 8218)
   defining Unicode char U+201C (decimal 8220)
   defining Unicode char U+201D (decimal 8221)
   defining Unicode char U+201E (decimal 8222)
   defining Unicode char U+2030 (decimal 8240)
   defining Unicode char U+2031 (decimal 8241)
   defining Unicode char U+2039 (decimal 8249)
   defining Unicode char U+203A (decimal 8250)
   defining Unicode char U+2423 (decimal 9251)
)
Now handling font encoding OT1 ...
... processing UTF-8 mapping file for font encoding OT1

("C:\Program Files (x86)\MiKTeX 2.9\tex\latex\base\ot1enc.dfu"
File: ot1enc.dfu 2008/04/05 v1.1m UTF-8 support for inputenc
   defining Unicode char U+00A1 (decimal 161)
   defining Unicode char U+00A3 (decimal 163)
   defining Unicode char U+00B8 (decimal 184)
   defining Unicode char U+00BF (decimal 191)
   defining Unicode char U+00C5 (decimal 197)
   defining Unicode char U+00C6 (decimal 198)
   defining Unicode char U+00D8 (decimal 216)
   defining Unicode char U+00DF (decimal 223)
   defining Unicode char U+00E6 (decimal 230)
   defining Unicode char U+00EC (decimal 236)
   defining Unicode char U+00ED (decimal 237)
   defining Unicode char U+00EE (decimal 238)
   defining Unicode char U+00EF (decimal 239)
   defining Unicode char U+00F8 (decimal 248)
   defining Unicode char U+0131 (decimal 305)
   defining Unicode char U+0141 (decimal 321)
   defining Unicode char U+0142 (decimal 322)
   defining Unicode char U+0152 (decimal 338)
   defining Unicode char U+0153 (decimal 339)
   defining Unicode char U+2013 (decimal 8211)
   defining Unicode char U+2014 (decimal 8212)
   defining Unicode char U+2018 (decimal 8216)
   defining Unicode char U+2019 (decimal 8217)
   defining Unicode char U+201C (decimal 8220)
   defining Unicode char U+201D (decimal 8221)
)
Now handling font encoding OMS ...
... processing UTF-8 mapping file for font encoding OMS

("C:\Program Files (x86)\MiKTeX 2.9\tex\latex\base\omsenc.dfu"
File: omsenc.dfu 2008/04/05 v1.1m UTF-8 support for inputenc
   defining Unicode char U+00A7 (decimal 167)
   defining Unicode char U+00B6 (decimal 182)
   defining Unicode char U+00B7 (decimal 183)
   defining Unicode char U+2020 (decimal 8224)
   defining Unicode char U+2021 (decimal 8225)
   defining Unicode char U+2022 (decimal 8226)
)
Now handling font encoding OMX ...
... no UTF-8 mapping file for font encoding OMX
Now handling font encoding U ...
... no UTF-8 mapping file for font encoding U
Now handling font encoding PD1 ...
... no UTF-8 mapping file for font encoding PD1
   defining Unicode char U+00A9 (decimal 169)
   defining Unicode char U+00AA (decimal 170)
   defining Unicode char U+00AE (decimal 174)
   defining Unicode char U+00BA (decimal 186)
   defining Unicode char U+02C6 (decimal 710)
   defining Unicode char U+02DC (decimal 732)
   defining Unicode char U+200C (decimal 8204)
   defining Unicode char U+2026 (decimal 8230)
   defining Unicode char U+2122 (decimal 8482)
   defining Unicode char U+2423 (decimal 9251)
))
("C:\Program Files (x86)\MiKTeX 2.9\tex\latex\appendix\appendix.sty"
Package: appendix 2009/09/02 v1.2b extra appendix facilities
\c@@pps=\count113
\c@@ppsavesec=\count114
\c@@ppsaveapp=\count115
)
("C:\Program Files (x86)\MiKTeX 2.9\tex\latex\tools\longtable.sty"
Package: longtable 2004/02/01 v4.11 Multi-page Table package (DPC)
\LTleft=\skip51
\LTright=\skip52
\LTpre=\skip53
\LTpost=\skip54
\LTchunksize=\count116
\LTcapwidth=\dimen124
\LT@head=\box28
\LT@firsthead=\box29
\LT@foot=\box30
\LT@lastfoot=\box31
\LT@cols=\count117
\LT@rows=\count118
\c@LT@tables=\count119
\c@LT@chunks=\count120
\LT@p@ftn=\toks24
)
("C:\Program Files (x86)\MiKTeX 2.9\tex\latex\graphics\graphicx.sty"
Package: graphicx 1999/02/16 v1.0f Enhanced LaTeX Graphics (DPC,SPQR)

("C:\Program Files (x86)\MiKTeX 2.9\tex\latex\graphics\graphics.sty"
Package: graphics 2009/02/05 v1.0o Standard LaTeX Graphics (DPC,SPQR)

("C:\Program Files (x86)\MiKTeX 2.9\tex\latex\graphics\trig.sty"
Package: trig 1999/03/16 v1.09 sin cos tan (DPC)
)
("C:\Program Files (x86)\MiKTeX 2.9\tex\latex\00miktex\graphics.cfg"
File: graphics.cfg 2007/01/18 v1.5 graphics configuration of teTeX/TeXLive
)
Package graphics Info: Driver file: pdftex.def on input line 91.

("C:\Program Files (x86)\MiKTeX 2.9\tex\latex\pdftex-def\pdftex.def"
File: pdftex.def 2011/05/27 v0.06d Graphics/color for pdfTeX
\Gread@gobject=\count121
))
\Gin@req@height=\dimen125
\Gin@req@width=\dimen126
)
("C:\Program Files (x86)\MiKTeX 2.9\tex\latex\floatrow\floatrow.sty"
Package: floatrow 2008/08/02 v0.3b floatrow: float package extension

("C:\Program Files (x86)\MiKTeX 2.9\tex\latex\caption\caption3.sty"
Package: caption3 2013/02/03 v1.5-62 caption3 kernel (AR)
\captionmargin=\dimen127
\captionmargin@=\dimen128
\captionwidth=\dimen129
\caption@tempdima=\dimen130
\caption@indent=\dimen131
\caption@parindent=\dimen132
\caption@hangindent=\dimen133
)
\c@float@type=\count122
\float@exts=\toks25
\float@box=\box32
\@floatcapt=\box33
Package floatrow Info: Modified float package code loaded on input line 455.
Package floatrow Info: Modified rotfloat package code loaded on input line 473.

\FR@everyfloat=\toks26
\flrow@foot=\insert233
\FB@wd=\dimen134
\FBo@wd=\dimen135
\FBc@wd=\dimen136
\FBo@ht=\skip55
\FBc@ht=\skip56
\FBf@ht=\skip57
\FBo@max=\skip58
\FBc@max=\skip59
\FBf@max=\skip60
\c@FBl@b=\count123
\floatbox@depth=\count124
\c@FRobj=\count125
\c@FRsobj=\count126
\Xhsize=\skip61
\sXhsize=\skip62
\Zhsize=\skip63
\sZhsize=\skip64
\flrow@rowbox=\box34
\FR@Zunitlength=\dimen137
\c@FBcnt=\count127
\FPOScnt=\count128
\LTleft=\skip65
\LTright=\skip66
\LTleft=\skip67
\LTright=\skip68
\flrow@types=\toks27
)
("C:\Program Files (x86)\MiKTeX 2.9\tex\latex\amsfonts\amssymb.sty"
Package: amssymb 2009/06/22 v3.00

("C:\Program Files (x86)\MiKTeX 2.9\tex\latex\amsfonts\amsfonts.sty"
Package: amsfonts 2009/06/22 v3.00 Basic AMSFonts support
\symAMSa=\mathgroup4
\symAMSb=\mathgroup5
LaTeX Font Info:    Overwriting math alphabet `\mathfrak' in version `bold'
(Font)                  U/euf/m/n --> U/euf/b/n on input line 96.
))
("C:\Program Files (x86)\MiKTeX 2.9\tex\latex\rotating\rotating.sty"
Package: rotating 2009/03/28 v2.16a rotated objects in LaTeX

("C:\Program Files (x86)\MiKTeX 2.9\tex\latex\base\ifthen.sty"
Package: ifthen 2001/05/26 v1.1c Standard LaTeX ifthen package (DPC)
)
\c@r@tfl@t=\count129
\rotFPtop=\skip69
\rotFPbot=\skip70
\rot@float@box=\box35
\rot@mess@toks=\toks28
)
("C:\Program Files (x86)\MiKTeX 2.9\tex\latex\tools\afterpage.sty"
Package: afterpage 1995/10/27 v1.08 After-Page Package (DPC)
\AP@output=\toks29
\AP@partial=\box36
\AP@footins=\box37
)
("C:\Program Files (x86)\MiKTeX 2.9\tex\latex\geometry\geometry.sty"
Package: geometry 2010/09/12 v5.6 Page Geometry
\Gm@cnth=\count130
\Gm@cntv=\count131
\c@Gm@tempcnt=\count132
\Gm@bindingoffset=\dimen138
\Gm@wd@mp=\dimen139
\Gm@odd@mp=\dimen140
\Gm@even@mp=\dimen141
\Gm@layoutwidth=\dimen142
\Gm@layoutheight=\dimen143
\Gm@layouthoffset=\dimen144
\Gm@layoutvoffset=\dimen145
\Gm@dimlist=\toks30

("C:\Program Files (x86)\MiKTeX 2.9\tex\latex\geometry\geometry.cfg"))
("C:\Program Files (x86)\MiKTeX 2.9\tex\latex\titlesec\titlesec.sty"
Package: titlesec 2011/12/15 v2.10.0 Sectioning titles
\ttl@box=\box38
\beforetitleunit=\skip71
\aftertitleunit=\skip72
\ttl@plus=\dimen146
\ttl@minus=\dimen147
\ttl@toksa=\toks31
\titlewidth=\dimen148
\titlewidthlast=\dimen149
\titlewidthfirst=\dimen150
)
("C:\Program Files (x86)\MiKTeX 2.9\tex\latex\oberdiek\epstopdf.sty"
Package: epstopdf 2010/02/09 v2.5 Conversion with epstopdf on the fly (HO)

("C:\Program Files (x86)\MiKTeX 2.9\tex\latex\oberdiek\epstopdf-base.sty"
Package: epstopdf-base 2010/02/09 v2.5 Base part for package epstopdf

("C:\Program Files (x86)\MiKTeX 2.9\tex\latex\oberdiek\grfext.sty"
Package: grfext 2010/08/19 v1.1 Manage graphics extensions (HO)
)
Package grfext Info: Graphics extension search list:
(grfext)             [.png,.pdf,.jpg,.mps,.jpeg,.jbig2,.jb2,.PNG,.PDF,.JPG,.JPE
G,.JBIG2,.JB2,.eps]
(grfext)             \AppendGraphicsExtensions on input line 452.
))
("C:\Program Files (x86)\MiKTeX 2.9\tex\latex\base\latexsym.sty"
Package: latexsym 1998/08/17 v2.2e Standard LaTeX package (lasy symbols)
\symlasy=\mathgroup6
LaTeX Font Info:    Overwriting symbol font `lasy' in version `bold'
(Font)                  U/lasy/m/n --> U/lasy/b/n on input line 47.
)
("C:\Program Files (x86)\MiKTeX 2.9\tex\latex\graphics\color.sty"
Package: color 2005/11/14 v1.0j Standard LaTeX Color (DPC)

("C:\Program Files (x86)\MiKTeX 2.9\tex\latex\00miktex\color.cfg"
File: color.cfg 2007/01/18 v1.5 color configuration of teTeX/TeXLive
)
Package color Info: Driver file: pdftex.def on input line 130.
)
("C:\Program Files (x86)\MiKTeX 2.9\tex\latex\tools\array.sty"
Package: array 2008/09/09 v2.4c Tabular extension package (FMi)
\col@sep=\dimen151
\extrarowheight=\dimen152
\NC@list=\toks32
\extratabsurround=\skip73
\backup@length=\skip74
)
("C:\Program Files (x86)\MiKTeX 2.9\tex\latex\wasysym\wasysym.sty"
Package: wasysym 2003/10/30 v2.0 Wasy-2 symbol support package
\symwasy=\mathgroup7
LaTeX Font Info:    Overwriting symbol font `wasy' in version `bold'
(Font)                  U/wasy/m/n --> U/wasy/b/n on input line 90.
)
("C:\Program Files (x86)\MiKTeX 2.9\tex\latex\subfig\subfig.sty"
Package: subfig 2005/06/28 ver: 1.3 subfig package

("C:\Program Files (x86)\MiKTeX 2.9\tex\latex\caption\caption.sty"
Package: caption 2013/02/03 v3.3-65 Customizing captions (AR)
\c@ContinuedFloat=\count133
Package caption Info: float package is loaded.
Package caption Info: floatrow package is loaded.
Package caption Info: hyperref package is loaded.
Package caption Info: longtable package is loaded.

("C:\Program Files (x86)\MiKTeX 2.9\tex\latex\caption\ltcaption.sty"
Package: ltcaption 2013/02/03 v1.3-62 longtable captions (AR)
)
Package caption Info: rotating package is loaded.
)
\c@KVtest=\count134
\sf@farskip=\skip75
\sf@captopadj=\dimen153
\sf@capskip=\skip76
\sf@nearskip=\skip77
\c@subfigure=\count135
\c@subfigure@save=\count136
\c@lofdepth=\count137
\c@subtable=\count138
\c@subtable@save=\count139
\c@lotdepth=\count140
\sf@top=\skip78
\sf@bottom=\skip79
)
("C:\Program Files (x86)\MiKTeX 2.9\tex\latex\titlesec\block.tss"
File: block.tss 2011/12/15
)
("C:\Users\Richard\Desktop\KrypCal 2p22 Write Up\KrypCal Overview.aux"

LaTeX Warning: Label `Kr2p20' multiply defined.


LaTeX Warning: Label `fig:KrypCalFieldStrength' multiply defined.

)
LaTeX Font Info:    Checking defaults for OML/cmm/m/it on input line 64.
LaTeX Font Info:    ... okay on input line 64.
LaTeX Font Info:    Checking defaults for T1/cmr/m/n on input line 64.
LaTeX Font Info:    ... okay on input line 64.
LaTeX Font Info:    Checking defaults for OT1/cmr/m/n on input line 64.
LaTeX Font Info:    ... okay on input line 64.
LaTeX Font Info:    Checking defaults for OMS/cmsy/m/n on input line 64.
LaTeX Font Info:    ... okay on input line 64.
LaTeX Font Info:    Checking defaults for OMX/cmex/m/n on input line 64.
LaTeX Font Info:    ... okay on input line 64.
LaTeX Font Info:    Checking defaults for U/cmr/m/n on input line 64.
LaTeX Font Info:    ... okay on input line 64.
LaTeX Font Info:    Checking defaults for PD1/pdf/m/n on input line 64.
LaTeX Font Info:    ... okay on input line 64.
\AtBeginShipoutBox=\box39
Package hyperref Info: Link coloring OFF on input line 64.
 ("C:\Program Files (x86)\MiKTeX 2.9\tex\latex\hyperref\nameref.sty"
Package: nameref 2010/04/30 v2.40 Cross-referencing by name of section

("C:\Program Files (x86)\MiKTeX 2.9\tex\generic\oberdiek\gettitlestring.sty"
Package: gettitlestring 2010/12/03 v1.4 Cleanup title references (HO)
)
\c@section@level=\count141
)
LaTeX Info: Redefining \ref on input line 64.
LaTeX Info: Redefining \pageref on input line 64.
LaTeX Info: Redefining \nameref on input line 64.

("C:\Users\Richard\Desktop\KrypCal 2p22 Write Up\KrypCal Overview.out")
("C:\Users\Richard\Desktop\KrypCal 2p22 Write Up\KrypCal Overview.out")
\@outlinefile=\write3

("C:\Program Files (x86)\MiKTeX 2.9\tex\context\base\supp-pdf.mkii"
[Loading MPS to PDF converter (version 2006.09.02).]
\scratchcounter=\count142
\scratchdimen=\dimen154
\scratchbox=\box40
\nofMPsegments=\count143
\nofMParguments=\count144
\everyMPshowfont=\toks33
\MPscratchCnt=\count145
\MPscratchDim=\dimen155
\MPnumerator=\count146
\makeMPintoPDFobject=\count147
\everyMPtoPDFconversion=\toks34
)
Package caption Info: Begin \AtBeginDocument code.
Package caption Info: subfig package v1.3 is loaded.
Package caption Info: End \AtBeginDocument code.
 ("C:\Program Files (x86)\MiKTeX 2.9\tex\latex\floatrow\fr-subfig.sty"
Package: fr-subfig 2007/12/24 v0.1g (beta) floatrow: additions for subfig
\FBsc@max=\skip80
\FBso@max=\skip81
)
("C:\Program Files (x86)\MiKTeX 2.9\tex\latex\floatrow\fr-longtable.sty"
Package: fr-longtable 2007/11/28 v0.1b (beta) floatrow: additions for longtable

\flrow@LT@lasthead=\box41
\flrow@LT@prelastfoot=\box42
\c@FBLTpage=\count148
)
*geometry* driver: auto-detecting
*geometry* detected driver: pdftex
*geometry* verbose mode - [ preamble ] result:
* driver: pdftex
* paper: a4paper
* layout: <same size as paper>
* layoutoffset:(h,v)=(0.0pt,0.0pt)
* modes: 
* h-part:(L,W,R)=(89.62709pt, 418.25368pt, 89.6271pt)
* v-part:(T,H,B)=(101.40665pt, 591.5302pt, 152.11pt)
* \paperwidth=597.50787pt
* \paperheight=845.04684pt
* \textwidth=418.25368pt
* \textheight=591.5302pt
* \oddsidemargin=17.3571pt
* \evensidemargin=17.3571pt
* \topmargin=-7.86334pt
* \headheight=12.0pt
* \headsep=25.0pt
* \topskip=12.0pt
* \footskip=30.0pt
* \marginparwidth=35.0pt
* \marginparsep=10.0pt
* \columnsep=10.0pt
* \skip\footins=10.8pt plus 4.0pt minus 2.0pt
* \hoffset=0.0pt
* \voffset=0.0pt
* \mag=1000
* \@twocolumnfalse
* \@twosidefalse
* \@mparswitchfalse
* \@reversemarginfalse
* (1in=72.27pt=25.4mm, 1cm=28.453pt)

LaTeX Font Info:    Try loading font information for U+msa on input line 69.
("C:\Program Files (x86)\MiKTeX 2.9\tex\latex\amsfonts\umsa.fd"
File: umsa.fd 2009/06/22 v3.00 AMS symbols A
)
LaTeX Font Info:    Try loading font information for U+msb on input line 69.

("C:\Program Files (x86)\MiKTeX 2.9\tex\latex\amsfonts\umsb.fd"
File: umsb.fd 2009/06/22 v3.00 AMS symbols B
)
LaTeX Font Info:    Try loading font information for U+lasy on input line 69.

("C:\Program Files (x86)\MiKTeX 2.9\tex\latex\base\ulasy.fd"
File: ulasy.fd 1998/08/17 v2.2e LaTeX symbol font definitions
)
LaTeX Font Info:    Try loading font information for U+wasy on input line 69.

("C:\Program Files (x86)\MiKTeX 2.9\tex\latex\wasysym\uwasy.fd"
File: uwasy.fd 2003/10/30 v2.0 Wasy-2 symbol font definitions
)
("C:\Users\Richard\Desktop\KrypCal 2p22 Write Up\KrypCal Overview.toc" [1

{C:/ProgramData/MiKTeX/2.9/pdftex/config/pdftex.map}])
\tf@toc=\write4
 [2] [3] [4]
<Sep2014_Field_Detailed.png, id=212, 1053.1847pt x 702.37407pt>
File: Sep2014_Field_Detailed.png Graphic file (type png)

<use Sep2014_Field_Detailed.png>
Package pdftex.def Info: Sep2014_Field_Detailed.png used on input line 94.
(pdftex.def)             Requested size: 421.26642pt x 280.94466pt.


Package caption Warning: The option `hypcap=true' will be ignored for this
(caption)                particular \caption on input line 95.
See the caption package documentation for explanation.


Overfull \hbox (3.01274pt too wide) in paragraph at lines 94--95
 [] 
 []

[5 <C:/Users/Richard/Desktop/KrypCal 2p22 Write Up/Sep2014_Field_Detailed.png>]
[6] <Sep2014_Field.png, id=233, 520.19344pt x 625.58719pt>
File: Sep2014_Field.png Graphic file (type png)

<use Sep2014_Field.png>
Package pdftex.def Info: Sep2014_Field.png used on input line 109.
(pdftex.def)             Requested size: 260.09607pt x 312.79283pt.


Package caption Warning: The option `hypcap=true' will be ignored for this
(caption)                particular \caption on input line 110.
See the caption package documentation for explanation.

<Recomb.png, id=238, 816.80156pt x 673.01437pt>
File: Recomb.png Graphic file (type png)
 <use Recomb.png>
Package pdftex.def Info: Recomb.png used on input line 115.
(pdftex.def)             Requested size: 326.71483pt x 269.20097pt.


Package caption Warning: The option `hypcap=true' will be ignored for this
(caption)                particular \caption on input line 116.
See the caption package documentation for explanation.

[7 <C:/Users/Richard/Desktop/KrypCal 2p22 Write Up/Sep2014_Field.png>] [8 <C:/U
sers/Richard/Desktop/KrypCal 2p22 Write Up/Recomb.png>]

Package hyperref Warning: Token not allowed in a PDF string (PDFDocEncoding):
(hyperref)                removing `math shift' on input line 125.


Package hyperref Warning: Token not allowed in a PDF string (PDFDocEncoding):
(hyperref)                removing `superscript' on input line 125.


Package hyperref Warning: Token not allowed in a PDF string (PDFDocEncoding):
(hyperref)                removing `math shift' on input line 125.

[9] [10]

Package hyperref Warning: Token not allowed in a PDF string (PDFDocEncoding):
(hyperref)                removing `math shift' on input line 136.


Package hyperref Warning: Token not allowed in a PDF string (PDFDocEncoding):
(hyperref)                removing `subscript' on input line 136.


Package hyperref Warning: Token not allowed in a PDF string (PDFDocEncoding):
(hyperref)                removing `math shift' on input line 136.

<TritiumDetectorInefficiency_Cuts.png, id=266, 578.16pt x 433.62pt>
File: TritiumDetectorInefficiency_Cuts.png Graphic file (type png)

<use TritiumDetectorInefficiency_Cuts.png>
Package pdftex.def Info: TritiumDetectorInefficiency_Cuts.png used on input lin
e 141.
(pdftex.def)             Requested size: 346.89867pt x 260.17401pt.


Package caption Warning: The option `hypcap=true' will be ignored for this
(caption)                particular \caption on input line 142.
See the caption package documentation for explanation.

[11] [12 <C:/Users/Richard/Desktop/KrypCal 2p22 Write Up/TritiumDetectorIneffic
iency_Cuts.png (PNG copy)>]
<TritiumDetectorInefficiency_RecombMap.png, id=284, 578.16pt x 433.62pt>
File: TritiumDetectorInefficiency_RecombMap.png Graphic file (type png)

<use TritiumDetectorInefficiency_RecombMap.png>
Package pdftex.def Info: TritiumDetectorInefficiency_RecombMap.png used on inpu
t line 156.
(pdftex.def)             Requested size: 289.07928pt x 216.80946pt.


Package caption Warning: The option `hypcap=true' will be ignored for this
(caption)                particular \caption on input line 157.
See the caption package documentation for explanation.

[13 <C:/Users/Richard/Desktop/KrypCal 2p22 Write Up/TritiumDetectorInefficiency
_RecombMap.png (PNG copy)>] [14] <LandauFits.png, id=300, 578.16pt x 433.62pt>
File: LandauFits.png Graphic file (type png)

<use LandauFits.png>
Package pdftex.def Info: LandauFits.png used on input line 185.
(pdftex.def)             Requested size: 190.63338pt x 142.96933pt.
 <CH3T_S2_ZDep.png, id=301, 578.16pt x 433.62pt>
File: CH3T_S2_ZDep.png Graphic file (type png)

<use CH3T_S2_ZDep.png>
Package pdftex.def Info: CH3T_S2_ZDep.png used on input line 187.
(pdftex.def)             Requested size: 190.63338pt x 142.96933pt.
 [15 <C:/Users/Richard/Desktop/KrypCal 2p22 Write Up/LandauFits.png (PNG copy)>
 <C:/Users/Richard/Desktop/KrypCal 2p22 Write Up/CH3T_S2_ZDep.png (PNG copy)>] 
<CH3T_S2_XYDep.png, id=311, 578.16pt x 433.62pt>
File: CH3T_S2_XYDep.png Graphic file (type png)

<use CH3T_S2_XYDep.png>
Package pdftex.def Info: CH3T_S2_XYDep.png used on input line 199.
(pdftex.def)             Requested size: 289.07928pt x 216.80946pt.


Package caption Warning: The option `hypcap=true' will be ignored for this
(caption)                particular \caption on input line 200.
See the caption package documentation for explanation.

[16 <C:/Users/Richard/Desktop/KrypCal 2p22 Write Up/CH3T_S2_XYDep.png (PNG copy
)>] <CH3T_S1_Threshold.png, id=322, 578.16pt x 433.62pt>
File: CH3T_S1_Threshold.png Graphic file (type png)

<use CH3T_S1_Threshold.png>
Package pdftex.def Info: CH3T_S1_Threshold.png used on input line 216.
(pdftex.def)             Requested size: 289.07928pt x 216.80946pt.


Package caption Warning: The option `hypcap=true' will be ignored for this
(caption)                particular \caption on input line 217.
See the caption package documentation for explanation.


Package hyperref Warning: Token not allowed in a PDF string (PDFDocEncoding):
(hyperref)                removing `math shift' on input line 222.


Package hyperref Warning: Token not allowed in a PDF string (PDFDocEncoding):
(hyperref)                removing `superscript' on input line 222.


Package hyperref Warning: Token not allowed in a PDF string (PDFDocEncoding):
(hyperref)                removing `math shift' on input line 222.

[17 <C:/Users/Richard/Desktop/KrypCal 2p22 Write Up/CH3T_S1_Threshold.png (PNG 
copy)>] <FieldEffectZ_S2Only.png, id=331, 578.16pt x 433.62pt>
File: FieldEffectZ_S2Only.png Graphic file (type png)

<use FieldEffectZ_S2Only.png>
Package pdftex.def Info: FieldEffectZ_S2Only.png used on input line 233.
(pdftex.def)             Requested size: 289.07928pt x 216.80946pt.


Package caption Warning: The option `hypcap=true' will be ignored for this
(caption)                particular \caption on input line 234.
See the caption package documentation for explanation.

[18] <GaussianFits.png, id=339, 578.16pt x 433.62pt>
File: GaussianFits.png Graphic file (type png)
 <use GaussianFits.png>
Package pdftex.def Info: GaussianFits.png used on input line 240.
(pdftex.def)             Requested size: 184.9429pt x 138.70168pt.

<Kr_S2_ZDep.png, id=340, 578.16pt x 433.62pt>
File: Kr_S2_ZDep.png Graphic file (type png)
 <use Kr_S2_ZDep.png>
Package pdftex.def Info: Kr_S2_ZDep.png used on input line 242.
(pdftex.def)             Requested size: 184.9429pt x 138.70168pt.

<Kr_S2_XYDep.png, id=342, 578.16pt x 433.62pt>
File: Kr_S2_XYDep.png Graphic file (type png)
 <use Kr_S2_XYDep.png>
Package pdftex.def Info: Kr_S2_XYDep.png used on input line 255.
(pdftex.def)             Requested size: 260.16959pt x 195.1272pt.
 [19 <C:/Users/Richard/Desktop/KrypCal 2p22 Write Up/FieldEffectZ_S2Only.png (P
NG copy)>]
[20 <C:/Users/Richard/Desktop/KrypCal 2p22 Write Up/GaussianFits.png (PNG copy)
> <C:/Users/Richard/Desktop/KrypCal 2p22 Write Up/Kr_S2_ZDep.png (PNG copy)> <C
:/Users/Richard/Desktop/KrypCal 2p22 Write Up/Kr_S2_XYDep.png (PNG copy)>]

Package hyperref Warning: Token not allowed in a PDF string (PDFDocEncoding):
(hyperref)                removing `math shift' on input line 262.


Package hyperref Warning: Token not allowed in a PDF string (PDFDocEncoding):
(hyperref)                removing `superscript' on input line 262.


Package hyperref Warning: Token not allowed in a PDF string (PDFDocEncoding):
(hyperref)                removing `math shift' on input line 262.

[21] <s1a_s1b_sumpod.png, id=363, 562.1pt x 421.575pt>
File: s1a_s1b_sumpod.png Graphic file (type png)

<use s1a_s1b_sumpod.png>
Package pdftex.def Info: s1a_s1b_sumpod.png used on input line 269.
(pdftex.def)             Requested size: 337.2626pt x 252.94695pt.
 <S1aS1bCut_Timing.png, id=364, 578.16pt x 433.62pt>
File: S1aS1bCut_Timing.png Graphic file (type png)

<use S1aS1bCut_Timing.png>
Package pdftex.def Info: S1aS1bCut_Timing.png used on input line 276.
(pdftex.def)             Requested size: 184.9429pt x 138.70168pt.
 <S1aS1bCut.png, id=365, 578.16pt x 433.62pt>
File: S1aS1bCut.png Graphic file (type png)

<use S1aS1bCut.png>
Package pdftex.def Info: S1aS1bCut.png used on input line 278.
(pdftex.def)             Requested size: 184.9429pt x 138.70168pt.


LaTeX Warning: `!h' float specifier changed to `!ht'.

[22 <C:/Users/Richard/Desktop/KrypCal 2p22 Write Up/s1a_s1b_sumpod.png (PNG cop
y)>] <S1aGaussianFits.png, id=374, 578.16pt x 433.62pt>
File: S1aGaussianFits.png Graphic file (type png)

<use S1aGaussianFits.png>
Package pdftex.def Info: S1aGaussianFits.png used on input line 293.
(pdftex.def)             Requested size: 184.9429pt x 138.70168pt.
 <S1aS1bZDep.png, id=375, 578.16pt x 433.62pt>
File: S1aS1bZDep.png Graphic file (type png)

<use S1aS1bZDep.png>
Package pdftex.def Info: S1aS1bZDep.png used on input line 295.
(pdftex.def)             Requested size: 184.9429pt x 138.70168pt.


LaTeX Warning: `!h' float specifier changed to `!ht'.

[23 <C:/Users/Richard/Desktop/KrypCal 2p22 Write Up/S1aS1bCut_Timing.png (PNG c
opy)> <C:/Users/Richard/Desktop/KrypCal 2p22 Write Up/S1aS1bCut.png (PNG copy)>
] <S1aS1bvXY.png, id=384, 578.16pt x 433.62pt>
File: S1aS1bvXY.png Graphic file (type png)
 <use S1aS1bvXY.png>
Package pdftex.def Info: S1aS1bvXY.png used on input line 305.
(pdftex.def)             Requested size: 346.89867pt x 260.17401pt.


Package caption Warning: The option `hypcap=true' will be ignored for this
(caption)                particular \caption on input line 306.
See the caption package documentation for explanation.

[24 <C:/Users/Richard/Desktop/KrypCal 2p22 Write Up/S1aGaussianFits.png (PNG co
py)> <C:/Users/Richard/Desktop/KrypCal 2p22 Write Up/S1aS1bZDep.png (PNG copy)>
] [25 <C:/Users/Richard/Desktop/KrypCal 2p22 Write Up/S1aS1bvXY.png (PNG copy)>
] <S1aS1bVField_XYDep.png, id=401, 578.16pt x 433.62pt>
File: S1aS1bVField_XYDep.png Graphic file (type png)

<use S1aS1bVField_XYDep.png>
Package pdftex.def Info: S1aS1bVField_XYDep.png used on input line 313.
(pdftex.def)             Requested size: 346.89867pt x 260.17401pt.


Package caption Warning: The option `hypcap=true' will be ignored for this
(caption)                particular \caption on input line 314.
See the caption package documentation for explanation.

<S1aS1bvField_ZDep_3D_S2Only.png, id=402, 578.16pt x 433.62pt>
File: S1aS1bvField_ZDep_3D_S2Only.png Graphic file (type png)

<use S1aS1bvField_ZDep_3D_S2Only.png>
Package pdftex.def Info: S1aS1bvField_ZDep_3D_S2Only.png used on input line 319
.
(pdftex.def)             Requested size: 346.89867pt x 260.17401pt.


Package caption Warning: The option `hypcap=true' will be ignored for this
(caption)                particular \caption on input line 320.
See the caption package documentation for explanation.

[26 <C:/Users/Richard/Desktop/KrypCal 2p22 Write Up/S1aS1bVField_XYDep.png (PNG
 copy)>] [27 <C:/Users/Richard/Desktop/KrypCal 2p22 Write Up/S1aS1bvField_ZDep_
3D_S2Only.png (PNG copy)>] [28]
<S1aS1bvField_ZDep_3D.png, id=434, 578.16pt x 433.62pt>
File: S1aS1bvField_ZDep_3D.png Graphic file (type png)

<use S1aS1bvField_ZDep_3D.png>
Package pdftex.def Info: S1aS1bvField_ZDep_3D.png used on input line 356.
(pdftex.def)             Requested size: 404.70924pt x 303.53192pt.
 [29] [30 <C:/Users/Richard/Desktop/KrypCal 2p22 Write Up/S1aS1bvField_ZDep_3D.
png (PNG copy)>]
<InferredS1Measure_Sep2015CH3T.png, id=447, 578.16pt x 433.62pt>
File: InferredS1Measure_Sep2015CH3T.png Graphic file (type png)

<use InferredS1Measure_Sep2015CH3T.png>
Package pdftex.def Info: InferredS1Measure_Sep2015CH3T.png used on input line 3
65.
(pdftex.def)             Requested size: 184.9429pt x 138.70168pt.

<InferredS1Measure_Feb2016CH3T.png, id=448, 578.16pt x 433.62pt>
File: InferredS1Measure_Feb2016CH3T.png Graphic file (type png)

<use InferredS1Measure_Feb2016CH3T.png>
Package pdftex.def Info: InferredS1Measure_Feb2016CH3T.png used on input line 3
67.
(pdftex.def)             Requested size: 184.9429pt x 138.70168pt.

<InferredS1Measure_KrSpectra.png, id=449, 578.16pt x 433.62pt>
File: InferredS1Measure_KrSpectra.png Graphic file (type png)

<use InferredS1Measure_KrSpectra.png>
Package pdftex.def Info: InferredS1Measure_KrSpectra.png used on input line 375
.
(pdftex.def)             Requested size: 184.9429pt x 138.70168pt.

<InferredS1Measure_KrSpectraZDep.png, id=450, 578.16pt x 433.62pt>
File: InferredS1Measure_KrSpectraZDep.png Graphic file (type png)

<use InferredS1Measure_KrSpectraZDep.png>
Package pdftex.def Info: InferredS1Measure_KrSpectraZDep.png used on input line
 377.
(pdftex.def)             Requested size: 184.9429pt x 138.70168pt.
 [31 <C:/Users/Richard/Desktop/KrypCal 2p22 Write Up/InferredS1Measure_Sep2015C
H3T.png (PNG copy)> <C:/Users/Richard/Desktop/KrypCal 2p22 Write Up/InferredS1M
easure_Feb2016CH3T.png (PNG copy)> <C:/Users/Richard/Desktop/KrypCal 2p22 Write
 Up/InferredS1Measure_KrSpectra.png (PNG copy)> <C:/Users/Richard/Desktop/KrypC
al 2p22 Write Up/InferredS1Measure_KrSpectraZDep.png (PNG copy)>] [32]
<ManalaysayFieldQuenching.png, id=476, 941.76843pt x 690.32906pt>
File: ManalaysayFieldQuenching.png Graphic file (type png)

<use ManalaysayFieldQuenching.png>
Package pdftex.def Info: ManalaysayFieldQuenching.png used on input line 404.
(pdftex.def)             Requested size: 282.5327pt x 207.10031pt.


Package caption Warning: The option `hypcap=true' will be ignored for this
(caption)                particular \caption on input line 405.
See the caption package documentation for explanation.

[33] <MatthewS1FieldEffectMeasurement.png, id=484, 578.16pt x 433.62pt>
File: MatthewS1FieldEffectMeasurement.png Graphic file (type png)

<use MatthewS1FieldEffectMeasurement.png>
Package pdftex.def Info: MatthewS1FieldEffectMeasurement.png used on input line
 410.
(pdftex.def)             Requested size: 231.2599pt x 173.44492pt.


Package caption Warning: The option `hypcap=true' will be ignored for this
(caption)                particular \caption on input line 411.
See the caption package documentation for explanation.

[34 <C:/Users/Richard/Desktop/KrypCal 2p22 Write Up/ManalaysayFieldQuenching.pn
g> <C:/Users/Richard/Desktop/KrypCal 2p22 Write Up/MatthewS1FieldEffectMeasurem
ent.png (PNG copy)>] [35]
<CH3T_Sep2015_Energy_BothDirectMeasured.png, id=502, 421.575pt x 316.18124pt>
File: CH3T_Sep2015_Energy_BothDirectMeasured.png Graphic file (type png)

<use CH3T_Sep2015_Energy_BothDirectMeasured.png>
Package pdftex.def Info: CH3T_Sep2015_Energy_BothDirectMeasured.png used on inp
ut line 421.
(pdftex.def)             Requested size: 184.9429pt x 138.71008pt.

<CH3T_Feb2016_Energy_BothDirectMeasured.png, id=503, 421.575pt x 316.18124pt>
File: CH3T_Feb2016_Energy_BothDirectMeasured.png Graphic file (type png)

<use CH3T_Feb2016_Energy_BothDirectMeasured.png>
Package pdftex.def Info: CH3T_Feb2016_Energy_BothDirectMeasured.png used on inp
ut line 423.
(pdftex.def)             Requested size: 184.9429pt x 138.71008pt.

<KrEnergy_BothDirectMeasured.png, id=506, 421.575pt x 316.18124pt>
File: KrEnergy_BothDirectMeasured.png Graphic file (type png)

<use KrEnergy_BothDirectMeasured.png>
Package pdftex.def Info: KrEnergy_BothDirectMeasured.png used on input line 430
.
(pdftex.def)             Requested size: 184.9429pt x 138.71008pt.

<KrEnergyZDep_BothDirectMeasured.png, id=507, 421.575pt x 316.18124pt>
File: KrEnergyZDep_BothDirectMeasured.png Graphic file (type png)

<use KrEnergyZDep_BothDirectMeasured.png>
Package pdftex.def Info: KrEnergyZDep_BothDirectMeasured.png used on input line
 432.
(pdftex.def)             Requested size: 184.9429pt x 138.71008pt.
 [36 <C:/Users/Richard/Desktop/KrypCal 2p22 Write Up/CH3T_Sep2015_Energy_BothDi
rectMeasured.png (PNG copy)> <C:/Users/Richard/Desktop/KrypCal 2p22 Write Up/CH
3T_Feb2016_Energy_BothDirectMeasured.png (PNG copy)> <C:/Users/Richard/Desktop/
KrypCal 2p22 Write Up/KrEnergy_BothDirectMeasured.png (PNG copy)> <C:/Users/Ric
hard/Desktop/KrypCal 2p22 Write Up/KrEnergyZDep_BothDirectMeasured.png (PNG cop
y)>]

Package hyperref Warning: Token not allowed in a PDF string (PDFDocEncoding):
(hyperref)                removing `math shift' on input line 450.


Package hyperref Warning: Token not allowed in a PDF string (PDFDocEncoding):
(hyperref)                removing `\chi' on input line 450.


Package hyperref Warning: Token not allowed in a PDF string (PDFDocEncoding):
(hyperref)                removing `superscript' on input line 450.


Package hyperref Warning: Token not allowed in a PDF string (PDFDocEncoding):
(hyperref)                removing `math shift' on input line 450.

[37] [38] [39] <KrEnergy.png, id=544, 578.16pt x 433.62pt>
File: KrEnergy.png Graphic file (type png)
 <use KrEnergy.png>
Package pdftex.def Info: KrEnergy.png used on input line 477.
(pdftex.def)             Requested size: 184.9429pt x 138.70168pt.

<KrEnergyZDep.png, id=545, 578.16pt x 433.62pt>
File: KrEnergyZDep.png Graphic file (type png)
 <use KrEnergyZDep.png>
Package pdftex.def Info: KrEnergyZDep.png used on input line 479.
(pdftex.def)             Requested size: 184.9429pt x 138.70168pt.


LaTeX Warning: `!h' float specifier changed to `!ht'.

[40] <CH3T_Sep2015_Energy.png, id=550, 421.575pt x 316.18124pt>
File: CH3T_Sep2015_Energy.png Graphic file (type png)

<use CH3T_Sep2015_Energy.png>
Package pdftex.def Info: CH3T_Sep2015_Energy.png used on input line 488.
(pdftex.def)             Requested size: 184.9429pt x 138.71008pt.

<CH3T_Feb2016_Energy.png, id=551, 421.575pt x 316.18124pt>
File: CH3T_Feb2016_Energy.png Graphic file (type png)

<use CH3T_Feb2016_Energy.png>
Package pdftex.def Info: CH3T_Feb2016_Energy.png used on input line 490.
(pdftex.def)             Requested size: 184.9429pt x 138.71008pt.
 [41 <C:/Users/Richard/Desktop/KrypCal 2p22 Write Up/KrEnergy.png (PNG copy)> <
C:/Users/Richard/Desktop/KrypCal 2p22 Write Up/KrEnergyZDep.png (PNG copy)> <C:
/Users/Richard/Desktop/KrypCal 2p22 Write Up/CH3T_Sep2015_Energy.png (PNG copy)
> <C:/Users/Richard/Desktop/KrypCal 2p22 Write Up/CH3T_Feb2016_Energy.png (PNG 
copy)>]
<StrengthOfFieldEffectOverlay.png, id=565, 578.16pt x 433.62pt>
File: StrengthOfFieldEffectOverlay.png Graphic file (type png)

<use StrengthOfFieldEffectOverlay.png>
Package pdftex.def Info: StrengthOfFieldEffectOverlay.png used on input line 50
3.
(pdftex.def)             Requested size: 346.89867pt x 260.17401pt.


Package caption Warning: The option `hypcap=true' will be ignored for this
(caption)                particular \caption on input line 504.
See the caption package documentation for explanation.

[42] [43 <C:/Users/Richard/Desktop/KrypCal 2p22 Write Up/StrengthOfFieldEffectO
verlay.png (PNG copy)>]

Package hyperref Warning: Token not allowed in a PDF string (PDFDocEncoding):
(hyperref)                removing `math shift' on input line 516.


Package hyperref Warning: Token not allowed in a PDF string (PDFDocEncoding):
(hyperref)                removing `superscript' on input line 516.


Package hyperref Warning: Token not allowed in a PDF string (PDFDocEncoding):
(hyperref)                removing `math shift' on input line 516.

[44] <KrypCal_FieldEffect.png, id=587, 511.15968pt x 408.02437pt>
File: KrypCal_FieldEffect.png Graphic file (type png)

<use KrypCal_FieldEffect.png>
Package pdftex.def Info: KrypCal_FieldEffect.png used on input line 526.
(pdftex.def)             Requested size: 255.57921pt x 204.01169pt.


Package caption Warning: The option `hypcap=true' will be ignored for this
(caption)                particular \caption on input line 527.
See the caption package documentation for explanation.

[45 <C:/Users/Richard/Desktop/KrypCal 2p22 Write Up/KrypCal_FieldEffect.png (PN
G copy)>] <S2F_GaussianFits.png, id=598, 578.16pt x 433.62pt>
File: S2F_GaussianFits.png Graphic file (type png)

<use S2F_GaussianFits.png>
Package pdftex.def Info: S2F_GaussianFits.png used on input line 545.
(pdftex.def)             Requested size: 184.9429pt x 138.70168pt.
 <S2F_ZDep.png, id=599, 578.16pt x 433.62pt>
File: S2F_ZDep.png Graphic file (type png)

<use S2F_ZDep.png>
Package pdftex.def Info: S2F_ZDep.png used on input line 547.
(pdftex.def)             Requested size: 184.9429pt x 138.70168pt.
 <S1F_GaussianFits.png, id=600, 578.16pt x 433.62pt>
File: S1F_GaussianFits.png Graphic file (type png)

<use S1F_GaussianFits.png>
Package pdftex.def Info: S1F_GaussianFits.png used on input line 554.
(pdftex.def)             Requested size: 184.9429pt x 138.70168pt.
 <S1F_ZDep.png, id=601, 578.16pt x 433.62pt>
File: S1F_ZDep.png Graphic file (type png)

<use S1F_ZDep.png>
Package pdftex.def Info: S1F_ZDep.png used on input line 556.
(pdftex.def)             Requested size: 184.9429pt x 138.70168pt.
 [46] [47 <C:/Users/Richard/Desktop/KrypCal 2p22 Write Up/S2F_GaussianFits.png 
(PNG copy)> <C:/Users/Richard/Desktop/KrypCal 2p22 Write Up/S2F_ZDep.png (PNG c
opy)> <C:/Users/Richard/Desktop/KrypCal 2p22 Write Up/S1F_GaussianFits.png (PNG
 copy)> <C:/Users/Richard/Desktop/KrypCal 2p22 Write Up/S1F_ZDep.png (PNG copy)
>] <S2F_XYDep.png, id=619, 421.575pt x 316.18124pt>
File: S2F_XYDep.png Graphic file (type png)

<use S2F_XYDep.png>
Package pdftex.def Info: S2F_XYDep.png used on input line 570.
(pdftex.def)             Requested size: 184.9429pt x 138.71008pt.
 <S1F_XYDep.png, id=620, 578.16pt x 433.62pt>
File: S1F_XYDep.png Graphic file (type png)

<use S1F_XYDep.png>
Package pdftex.def Info: S1F_XYDep.png used on input line 572.
(pdftex.def)             Requested size: 184.9429pt x 138.70168pt.
 [48 <C:/Users/Richard/Desktop/KrypCal 2p22 Write Up/S2F_XYDep.png (PNG copy)> 
<C:/Users/Richard/Desktop/KrypCal 2p22 Write Up/S1F_XYDep.png (PNG copy)>] [49]
 <GoodLifetimeFit.png, id=639, 578.16pt x 433.62pt>
File: GoodLifetimeFit.png Graphic file (type png)

<use GoodLifetimeFit.png>
Package pdftex.def Info: GoodLifetimeFit.png used on input line 592.
(pdftex.def)             Requested size: 184.9429pt x 138.70168pt.
 <BadLifetimeFit.png, id=640, 578.16pt x 433.62pt>
File: BadLifetimeFit.png Graphic file (type png)

<use BadLifetimeFit.png>
Package pdftex.def Info: BadLifetimeFit.png used on input line 594.
(pdftex.def)             Requested size: 184.9429pt x 138.70168pt.
 [50 <C:/Users/Richard/Desktop/KrypCal 2p22 Write Up/GoodLifetimeFit.png (PNG c
opy)> <C:/Users/Richard/Desktop/KrypCal 2p22 Write Up/BadLifetimeFit.png (PNG c
opy)>]
<LUX_eLifetime_Kr2p22.png, id=647, 578.16pt x 433.62pt>
File: LUX_eLifetime_Kr2p22.png Graphic file (type png)

<use LUX_eLifetime_Kr2p22.png>
Package pdftex.def Info: LUX_eLifetime_Kr2p22.png used on input line 603.
(pdftex.def)             Requested size: 289.07928pt x 216.80946pt.


Package caption Warning: The option `hypcap=true' will be ignored for this
(caption)                particular \caption on input line 604.
See the caption package documentation for explanation.

[51 <C:/Users/Richard/Desktop/KrypCal 2p22 Write Up/LUX_eLifetime_Kr2p22.png (P
NG copy)>] <SESizeExample.png, id=654, 578.16pt x 433.62pt>
File: SESizeExample.png Graphic file (type png)

<use SESizeExample.png>
Package pdftex.def Info: SESizeExample.png used on input line 616.
(pdftex.def)             Requested size: 289.07928pt x 216.80946pt.


Package caption Warning: The option `hypcap=true' will be ignored for this
(caption)                particular \caption on input line 617.
See the caption package documentation for explanation.

<SEXYSizeExample.png, id=655, 578.16pt x 433.62pt>
File: SEXYSizeExample.png Graphic file (type png)
 <use SEXYSizeExample.png>
Package pdftex.def Info: SEXYSizeExample.png used on input line 622.
(pdftex.def)             Requested size: 289.07928pt x 216.80946pt.


Package caption Warning: The option `hypcap=true' will be ignored for this
(caption)                particular \caption on input line 623.
See the caption package documentation for explanation.

[52 <C:/Users/Richard/Desktop/KrypCal 2p22 Write Up/SESizeExample.png (PNG copy
)>] <S1aS1bToField_Overlay.png, id=664, 578.16pt x 433.62pt>
File: S1aS1bToField_Overlay.png Graphic file (type png)

<use S1aS1bToField_Overlay.png>
Package pdftex.def Info: S1aS1bToField_Overlay.png used on input line 632.
(pdftex.def)             Requested size: 346.89867pt x 260.17401pt.


Package caption Warning: The option `hypcap=true' will be ignored for this
(caption)                particular \caption on input line 633.
See the caption package documentation for explanation.

[53 <C:/Users/Richard/Desktop/KrypCal 2p22 Write Up/SEXYSizeExample.png (PNG co
py)>] <KrypCalFieldMap.png, id=670, 578.16pt x 433.62pt>
File: KrypCalFieldMap.png Graphic file (type png)

<use KrypCalFieldMap.png>
Package pdftex.def Info: KrypCalFieldMap.png used on input line 639.
(pdftex.def)             Requested size: 184.9429pt x 138.70168pt.

<KrypCalFieldMapError.png, id=671, 578.16pt x 433.62pt>
File: KrypCalFieldMapError.png Graphic file (type png)

<use KrypCalFieldMapError.png>
Package pdftex.def Info: KrypCalFieldMapError.png used on input line 641.
(pdftex.def)             Requested size: 184.9429pt x 138.70168pt.
 [54 <C:/Users/Richard/Desktop/KrypCal 2p22 Write Up/S1aS1bToField_Overlay.png 
(PNG copy)> <C:/Users/Richard/Desktop/KrypCal 2p22 Write Up/KrypCalFieldMap.png
 (PNG copy)> <C:/Users/Richard/Desktop/KrypCal 2p22 Write Up/KrypCalFieldMapErr
or.png (PNG copy)>]
File: KrEnergy.png Graphic file (type png)
 <use KrEnergy.png>
Package pdftex.def Info: KrEnergy.png used on input line 659.
(pdftex.def)             Requested size: 184.9429pt x 138.70168pt.
File: KrEnergyZDep.png Graphic file (type png)

<use KrEnergyZDep.png>
Package pdftex.def Info: KrEnergyZDep.png used on input line 661.
(pdftex.def)             Requested size: 184.9429pt x 138.70168pt.


LaTeX Warning: `!h' float specifier changed to `!ht'.

[55] <KrypCal_2p22_AllCH3TEnergy.png, id=688, 555.57562pt x 717.43031pt>
File: KrypCal_2p22_AllCH3TEnergy.png Graphic file (type png)

<use KrypCal_2p22_AllCH3TEnergy.png>
Package pdftex.def Info: KrypCal_2p22_AllCH3TEnergy.png used on input line 671.

(pdftex.def)             Requested size: 388.90027pt x 502.1978pt.


LaTeX Warning: `!h' float specifier changed to `!ht'.

<KrSpectraWithoutFieldCorrection.png, id=691, 578.16pt x 433.62pt>
File: KrSpectraWithoutFieldCorrection.png Graphic file (type png)

<use KrSpectraWithoutFieldCorrection.png>
Package pdftex.def Info: KrSpectraWithoutFieldCorrection.png used on input line
 681.
(pdftex.def)             Requested size: 184.9429pt x 138.70168pt.

<KrSpectraZDepWithoutFieldCorrection.png, id=692, 578.16pt x 433.62pt>
File: KrSpectraZDepWithoutFieldCorrection.png Graphic file (type png)

<use KrSpectraZDepWithoutFieldCorrection.png>
Package pdftex.def Info: KrSpectraZDepWithoutFieldCorrection.png used on input 
line 683.
(pdftex.def)             Requested size: 184.9429pt x 138.70168pt.


LaTeX Warning: `!h' float specifier changed to `!ht'.


<TritumSpectrumWithoutFieldCorrection_Sep2015.png, id=693, 578.16pt x 433.62pt>
File: TritumSpectrumWithoutFieldCorrection_Sep2015.png Graphic file (type png)
<use TritumSpectrumWithoutFieldCorrection_Sep2015.png>
Package pdftex.def Info: TritumSpectrumWithoutFieldCorrection_Sep2015.png used 
on input line 691.
(pdftex.def)             Requested size: 184.9429pt x 138.70168pt.

<TritumSpectrumWithoutFieldCorrection_Feb2016.png, id=694, 578.16pt x 433.62pt>
File: TritumSpectrumWithoutFieldCorrection_Feb2016.png Graphic file (type png)
<use TritumSpectrumWithoutFieldCorrection_Feb2016.png>
Package pdftex.def Info: TritumSpectrumWithoutFieldCorrection_Feb2016.png used 
on input line 693.
(pdftex.def)             Requested size: 184.9429pt x 138.70168pt.


LaTeX Warning: `!h' float specifier changed to `!ht'.

[56]

LaTeX Warning: Text page 57 contains only floats.

[57 <C:/Users/Richard/Desktop/KrypCal 2p22 Write Up/KrypCal_2p22_AllCH3TEnergy.
png>]

LaTeX Warning: Text page 58 contains only floats.

[58 <C:/Users/Richard/Desktop/KrypCal 2p22 Write Up/KrSpectraWithoutFieldCorrec
tion.png (PNG copy)> <C:/Users/Richard/Desktop/KrypCal 2p22 Write Up/KrSpectraZ
DepWithoutFieldCorrection.png (PNG copy)> <C:/Users/Richard/Desktop/KrypCal 2p2
2 Write Up/TritumSpectrumWithoutFieldCorrection_Sep2015.png (PNG copy)> <C:/Use
rs/Richard/Desktop/KrypCal 2p22 Write Up/TritumSpectrumWithoutFieldCorrection_F
eb2016.png (PNG copy)>]

Package caption Warning: The option `hypcap=true' will be ignored for this
(caption)                particular \caption on input line 715.
See the caption package documentation for explanation.

<KrypCal_2p22_Threshold.png, id=717, 564.60938pt x 746.03719pt>
File: KrypCal_2p22_Threshold.png Graphic file (type png)

<use KrypCal_2p22_Threshold.png>
Package pdftex.def Info: KrypCal_2p22_Threshold.png used on input line 723.
(pdftex.def)             Requested size: 395.22386pt x 522.22246pt.


Package caption Warning: The option `hypcap=true' will be ignored for this
(caption)                particular \caption on input line 724.
See the caption package documentation for explanation.

[59] [60 <C:/Users/Richard/Desktop/KrypCal 2p22 Write Up/KrypCal_2p22_Threshold
.png>] <GuschinEE.png, id=732, 835.62187pt x 497.60907pt>
File: GuschinEE.png Graphic file (type png)
 <use GuschinEE.png>
Package pdftex.def Info: GuschinEE.png used on input line 734.
(pdftex.def)             Requested size: 417.8099pt x 248.80392pt.


Package caption Warning: The option `hypcap=true' will be ignored for this
(caption)                particular \caption on input line 735.
See the caption package documentation for explanation.

[61 <C:/Users/Richard/Desktop/KrypCal 2p22 Write Up/GuschinEE.png>]
<S2ZDep_WithoutFieldCorrection.png, id=739, 578.16pt x 433.62pt>
File: S2ZDep_WithoutFieldCorrection.png Graphic file (type png)

<use S2ZDep_WithoutFieldCorrection.png>
Package pdftex.def Info: S2ZDep_WithoutFieldCorrection.png used on input line 7
47.
(pdftex.def)             Requested size: 184.9429pt x 138.70168pt.

<S2ZDep_WithFieldCorrection.png, id=740, 578.16pt x 433.62pt>
File: S2ZDep_WithFieldCorrection.png Graphic file (type png)

<use S2ZDep_WithFieldCorrection.png>
Package pdftex.def Info: S2ZDep_WithFieldCorrection.png used on input line 749.

(pdftex.def)             Requested size: 184.9429pt x 138.70168pt.
 [62 <C:/Users/Richard/Desktop/KrypCal 2p22 Write Up/S2ZDep_WithoutFieldCorrect
ion.png (PNG copy)> <C:/Users/Richard/Desktop/KrypCal 2p22 Write Up/S2ZDep_With
FieldCorrection.png (PNG copy)>]
<DDPeaks_NoFieldCorrections.png, id=751, 578.16pt x 433.62pt>
File: DDPeaks_NoFieldCorrections.png Graphic file (type png)

<use DDPeaks_NoFieldCorrections.png>
Package pdftex.def Info: DDPeaks_NoFieldCorrections.png used on input line 761.

(pdftex.def)             Requested size: 184.9429pt x 138.70168pt.

<DDPeaks.png, id=752, 578.16pt x 433.62pt>
File: DDPeaks.png Graphic file (type png)
 <use DDPeaks.png>
Package pdftex.def Info: DDPeaks.png used on input line 763.
(pdftex.def)             Requested size: 184.9429pt x 138.70168pt.
 [63 <C:/Users/Richard/Desktop/KrypCal 2p22 Write Up/DDPeaks_NoFieldCorrections
.png (PNG copy)> <C:/Users/Richard/Desktop/KrypCal 2p22 Write Up/DDPeaks.png (P
NG copy)>]
Overfull \hbox (418.25368pt too wide) detected at line 787
 [] 
 []


Overfull \hbox (0.4724pt too wide) in alignment at lines 770--789
[] [] [] []
 []


Underfull \vbox (badness 10000) detected at line 789
 []


Overfull \hbox (418.25368pt too wide) detected at line 809
 [] 
 []


Overfull \hbox (0.4724pt too wide) in alignment at lines 792--811
[] [] [] []
 []


Underfull \vbox (badness 10000) detected at line 811
 []

[64]
<NRBand_ZDep_NoFieldCorr_WithoutUpperLower.png, id=768, 578.16pt x 433.62pt>
File: NRBand_ZDep_NoFieldCorr_WithoutUpperLower.png Graphic file (type png)

<use NRBand_ZDep_NoFieldCorr_WithoutUpperLower.png>
Package pdftex.def Info: NRBand_ZDep_NoFieldCorr_WithoutUpperLower.png used on 
input line 822.
(pdftex.def)             Requested size: 184.9429pt x 138.70168pt.

<NRBand_ZDep_WithoutUpperLower.png, id=769, 578.16pt x 433.62pt>
File: NRBand_ZDep_WithoutUpperLower.png Graphic file (type png)

<use NRBand_ZDep_WithoutUpperLower.png>
Package pdftex.def Info: NRBand_ZDep_WithoutUpperLower.png used on input line 8
24.
(pdftex.def)             Requested size: 184.9429pt x 138.70168pt.
 [65 <C:/Users/Richard/Desktop/KrypCal 2p22 Write Up/NRBand_ZDep_NoFieldCorr_Wi
thoutUpperLower.png (PNG copy)> <C:/Users/Richard/Desktop/KrypCal 2p22 Write Up
/NRBand_ZDep_WithoutUpperLower.png (PNG copy)>]
<Sep2015_VoxelizedBands_WithUpperLower.png, id=778, 578.16pt x 433.62pt>
File: Sep2015_VoxelizedBands_WithUpperLower.png Graphic file (type png)

<use Sep2015_VoxelizedBands_WithUpperLower.png>
Package pdftex.def Info: Sep2015_VoxelizedBands_WithUpperLower.png used on inpu
t line 848.
(pdftex.def)             Requested size: 184.9429pt x 138.70168pt.

<OverlayOfAll2015ERBands.png, id=779, 578.16pt x 433.62pt>
File: OverlayOfAll2015ERBands.png Graphic file (type png)

<use OverlayOfAll2015ERBands.png>
Package pdftex.def Info: OverlayOfAll2015ERBands.png used on input line 850.
(pdftex.def)             Requested size: 184.9429pt x 138.70168pt.
 [66 <C:/Users/Richard/Desktop/KrypCal 2p22 Write Up/Sep2015_VoxelizedBands_Wit
hUpperLower.png (PNG copy)> <C:/Users/Richard/Desktop/KrypCal 2p22 Write Up/Ove
rlayOfAll2015ERBands.png (PNG copy)>]
<PowerLawExponent.png, id=789, 578.16pt x 433.62pt>
File: PowerLawExponent.png Graphic file (type png)
 <use PowerLawExponent.png>
Package pdftex.def Info: PowerLawExponent.png used on input line 859.
(pdftex.def)             Requested size: 184.9429pt x 138.70168pt.

<PowerLawCoefficient.png, id=790, 578.16pt x 433.62pt>
File: PowerLawCoefficient.png Graphic file (type png)

<use PowerLawCoefficient.png>
Package pdftex.def Info: PowerLawCoefficient.png used on input line 861.
(pdftex.def)             Requested size: 184.9429pt x 138.70168pt.
 [67 <C:/Users/Richard/Desktop/KrypCal 2p22 Write Up/PowerLawExponent.png (PNG 
copy)> <C:/Users/Richard/Desktop/KrypCal 2p22 Write Up/PowerLawCoefficient.png 
(PNG copy)>]
<Feb2015_ERPrediction.png, id=798, 578.16pt x 433.62pt>
File: Feb2015_ERPrediction.png Graphic file (type png)

<use Feb2015_ERPrediction.png>
Package pdftex.def Info: Feb2015_ERPrediction.png used on input line 869.
(pdftex.def)             Requested size: 260.16959pt x 195.1272pt.


Package caption Warning: The option `hypcap=true' will be ignored for this
(caption)                particular \caption on input line 870.
See the caption package documentation for explanation.

<Sep2015_ERPrediction.png, id=801, 578.16pt x 433.62pt>
File: Sep2015_ERPrediction.png Graphic file (type png)

<use Sep2015_ERPrediction.png>
Package pdftex.def Info: Sep2015_ERPrediction.png used on input line 875.
(pdftex.def)             Requested size: 260.16959pt x 195.1272pt.


Package caption Warning: The option `hypcap=true' will be ignored for this
(caption)                particular \caption on input line 876.
See the caption package documentation for explanation.

<Feb2016_ERPrediction.png, id=804, 578.16pt x 433.62pt>
File: Feb2016_ERPrediction.png Graphic file (type png)

<use Feb2016_ERPrediction.png>
Package pdftex.def Info: Feb2016_ERPrediction.png used on input line 881.
(pdftex.def)             Requested size: 260.16959pt x 195.1272pt.


Package caption Warning: The option `hypcap=true' will be ignored for this
(caption)                particular \caption on input line 882.
See the caption package documentation for explanation.

[68 <C:/Users/Richard/Desktop/KrypCal 2p22 Write Up/Feb2015_ERPrediction.png (P
NG copy)> <C:/Users/Richard/Desktop/KrypCal 2p22 Write Up/Sep2015_ERPrediction.
png (PNG copy)>] [69 <C:/Users/Richard/Desktop/KrypCal 2p22 Write Up/Feb2016_ER
Prediction.png (PNG copy)>]

Package hyperref Warning: Token not allowed in a PDF string (PDFDocEncoding):
(hyperref)                removing `math shift' on input line 891.


Package hyperref Warning: Token not allowed in a PDF string (PDFDocEncoding):
(hyperref)                removing `superscript' on input line 891.


Package hyperref Warning: Token not allowed in a PDF string (PDFDocEncoding):
(hyperref)                removing `math shift' on input line 891.

<Kr83Decay.png, id=820, 896.59969pt x 667.74469pt>
File: Kr83Decay.png Graphic file (type png)
 <use Kr83Decay.png>
Package pdftex.def Info: Kr83Decay.png used on input line 895.
(pdftex.def)             Requested size: 358.63351pt x 267.09314pt.


Package caption Warning: The option `hypcap=true' will be ignored for this
(caption)                particular \caption on input line 896.
See the caption package documentation for explanation.

[70 <C:/Users/Richard/Desktop/KrypCal 2p22 Write Up/Kr83Decay.png>]
LaTeX Font Info:    Try loading font information for T1+cmtt on input line 905.


("C:\Program Files (x86)\MiKTeX 2.9\tex\latex\base\t1cmtt.fd"
File: t1cmtt.fd 1999/05/25 v2.5h Standard LaTeX font definitions
)
Underfull \hbox (badness 1902) in paragraph at lines 911--912
[]\T1/cmr/m/n/12 Lucie Tvrnikova. Run04 3D Elec-tric Field Fits. []$\T1/cmtt/m/
n/12 http : / / teacher . pas .$
 []


Underfull \hbox (badness 1132) in paragraph at lines 913--914
[]\T1/cmr/m/n/12 Tomasz Biesi-adzin-ski. Evo-lu-tion of the Ob-served De-tec-to
r Wall. []$\T1/cmtt/m/n/12 http :$
 []


Underfull \hbox (badness 10000) in paragraph at lines 913--914
$\T1/cmtt/m/n/12 / / teacher . pas . rochester . edu : 8080 / wiki / pub / Lux 
/ LuxDB00000406 / TB _$
 []


Underfull \hbox (badness 10000) in paragraph at lines 915--916
[]\T1/cmr/m/n/12 Scott Stephen-son. Po-si-tion Cor-rec-tions. []$\T1/cmtt/m/n/1
2 http : / / teacher . pas .$
 []


Underfull \hbox (badness 10000) in paragraph at lines 915--916
$\T1/cmtt/m/n/12 rochester . edu : 8080 / wiki / pub / Lux / AnalysisMeeting150
818 / 20150818 _$
 []


Underfull \hbox (badness 1968) in paragraph at lines 919--920
[]\T1/cmr/m/n/12 Kastens, et al. Cal-i-bra-tion of a Liq-uid Xenon De-tec-tor w
ith $[]$Kr$[]$.
 []

Package atveryend Info: Empty hook `BeforeClearDocument' on input line 925.
[71]
Package atveryend Info: Empty hook `AfterLastShipout' on input line 925.
 ("C:\Users\Richard\Desktop\KrypCal 2p22 Write Up\KrypCal Overview.aux")
Package atveryend Info: Executing hook `AtVeryEndDocument' on input line 925.
Package atveryend Info: Executing hook `AtEndAfterFileList' on input line 925.
Package rerunfilecheck Info: File `KrypCal*Overview.out' has not changed.
(rerunfilecheck)             Checksum: <no file>.


LaTeX Warning: There were multiply-defined labels.

Package atveryend Info: Empty hook `AtVeryVeryEnd' on input line 925.
 ) 
Here is how much of TeX's memory you used:
 10625 strings out of 494045
 160731 string characters out of 3145963
 269290 words of memory out of 3000000
 13430 multiletter control sequences out of 15000+200000
 16194 words of font info for 60 fonts, out of 3000000 for 9000
 715 hyphenation exceptions out of 8191
 37i,11n,45p,1985b,475s stack positions out of 5000i,500n,10000p,200000b,50000s
 <C:\Users\Richard\AppData\Local\MiKTeX\2.9\fonts\pk\ljfour\jknappen\ec\dpi60
0\ectt1200.pk> <C:\Users\Richard\AppData\Local\MiKTeX\2.9\fonts\pk\ljfour\jknap
pen\ec\dpi600\ecrm1200.pk> <C:\Users\Richard\AppData\Local\MiKTeX\2.9\fonts\pk\
ljfour\jknappen\ec\dpi600\ecbx1200.pk> <C:\Users\Richard\AppData\Local\MiKTeX\2
.9\fonts\pk\ljfour\jknappen\ec\dpi600\ecrm1440.pk> <C:\Users\Richard\AppData\Lo
cal\MiKTeX\2.9\fonts\pk\ljfour\jknappen\ec\dpi600\ecrm2074.pk><C:/Program Files
 (x86)/MiKTeX 2.9/fonts/type1/public/amsfonts/cm/cmex10.pfb><C:/Program Files (
x86)/MiKTeX 2.9/fonts/type1/public/amsfonts/cm/cmmi12.pfb><C:/Program Files (x8
6)/MiKTeX 2.9/fonts/type1/public/amsfonts/cm/cmmi6.pfb><C:/Program Files (x86)/
MiKTeX 2.9/fonts/type1/public/amsfonts/cm/cmmi8.pfb><C:/Program Files (x86)/MiK
TeX 2.9/fonts/type1/public/amsfonts/cm/cmr12.pfb><C:/Program Files (x86)/MiKTeX
 2.9/fonts/type1/public/amsfonts/cm/cmr8.pfb><C:/Program Files (x86)/MiKTeX 2.9
/fonts/type1/public/amsfonts/cm/cmsy10.pfb><C:/Program Files (x86)/MiKTeX 2.9/f
onts/type1/public/amsfonts/cm/cmsy8.pfb>
Output written on "KrypCal Overview.pdf" (71 pages, 5645508 bytes).
PDF statistics:
 1166 PDF objects out of 1200 (max. 8388607)
 250 named destinations out of 1000 (max. 500000)
 638 words of extra memory for PDF output out of 10000 (max. 10000000)

